[    28.369] 
X.Org X Server 1.21.1.7
X Protocol Version 11, Revision 0
[    28.369] Current Operating System: Linux anton 6.2.8-arch1-1 #1 SMP PREEMPT_DYNAMIC Wed, 22 Mar 2023 22:52:35 +0000 x86_64
[    28.369] Kernel command line: BOOT_IMAGE=/boot/vmlinuz-linux root=UUID=5c93e9de-eabb-4e11-82a5-e0f14fe512e5 rw loglevel=3 quiet
[    28.370]  
[    28.370] Current version of pixman: 0.42.2
[    28.370] 	Before reporting problems, check http://wiki.x.org
	to make sure that you have the latest version.
[    28.370] Markers: (--) probed, (**) from config file, (==) default setting,
	(++) from command line, (!!) notice, (II) informational,
	(WW) warning, (EE) error, (NI) not implemented, (??) unknown.
[    28.372] (==) Log file: "/home/anton/.local/share/xorg/Xorg.0.log", Time: Fri Mar 31 05:14:32 2023
[    28.376] (==) Using system config directory "/usr/share/X11/xorg.conf.d"
[    28.377] (==) No Layout section.  Using the first Screen section.
[    28.377] (==) No screen section available. Using defaults.
[    28.377] (**) |-->Screen "Default Screen Section" (0)
[    28.377] (**) |   |-->Monitor "<default monitor>"
[    28.377] (==) No monitor specified for screen "Default Screen Section".
	Using a default monitor configuration.
[    28.377] (==) Automatically adding devices
[    28.377] (==) Automatically enabling devices
[    28.377] (==) Automatically adding GPU devices
[    28.377] (==) Automatically binding GPU devices
[    28.377] (==) Max clients allowed: 256, resource mask: 0x1fffff
[    28.377] (WW) The directory "/usr/share/fonts/misc" does not exist.
[    28.378] 	Entry deleted from font path.
[    28.378] (WW) The directory "/usr/share/fonts/OTF" does not exist.
[    28.378] 	Entry deleted from font path.
[    28.378] (WW) The directory "/usr/share/fonts/Type1" does not exist.
[    28.378] 	Entry deleted from font path.
[    28.380] (==) FontPath set to:
	/usr/share/fonts/TTF,
	/usr/share/fonts/100dpi,
	/usr/share/fonts/75dpi
[    28.380] (==) ModulePath set to "/usr/lib/xorg/modules"
[    28.380] (II) The server relies on udev to provide the list of input devices.
	If no devices become available, reconfigure udev or disable AutoAddDevices.
[    28.380] (II) Module ABI versions:
[    28.380] 	X.Org ANSI C Emulation: 0.4
[    28.380] 	X.Org Video Driver: 25.2
[    28.380] 	X.Org XInput driver : 24.4
[    28.380] 	X.Org Server Extension : 10.0
[    28.380] (++) using VT number 1

[    28.382] (II) systemd-logind: took control of session /org/freedesktop/login1/session/_31
[    28.382] (II) xfree86: Adding drm device (/dev/dri/card0)
[    28.382] (II) Platform probe for /sys/devices/pci0000:00/0000:00:01.0/0000:01:00.0/drm/card0
[    28.382] (II) systemd-logind: got fd for /dev/dri/card0 226:0 fd 13 paused 0
[    28.383] (--) PCI:*(1@0:0:0) 10de:1c82:1043:85d4 rev 161, Mem @ 0xa0000000/16777216, 0x4000000000/268435456, 0x4010000000/33554432, I/O @ 0x00004000/128, BIOS @ 0x????????/131072
[    28.383] (WW) Open ACPI failed (/var/run/acpid.socket) (No such file or directory)
[    28.383] (II) LoadModule: "glx"
[    28.384] (II) Loading /usr/lib/xorg/modules/extensions/libglx.so
[    28.392] (II) Module glx: vendor="X.Org Foundation"
[    28.392] 	compiled for 1.21.1.7, module version = 1.0.0
[    28.392] 	ABI class: X.Org Server Extension, version 10.0
[    28.392] (==) Matched nouveau as autoconfigured driver 0
[    28.392] (==) Matched nv as autoconfigured driver 1
[    28.392] (==) Matched modesetting as autoconfigured driver 2
[    28.392] (==) Matched fbdev as autoconfigured driver 3
[    28.392] (==) Matched vesa as autoconfigured driver 4
[    28.392] (==) Assigned the driver to the xf86ConfigLayout
[    28.392] (II) LoadModule: "nouveau"
[    28.392] (WW) Warning, couldn't open module nouveau
[    28.392] (EE) Failed to load module "nouveau" (module does not exist, 0)
[    28.392] (II) LoadModule: "nv"
[    28.392] (WW) Warning, couldn't open module nv
[    28.392] (EE) Failed to load module "nv" (module does not exist, 0)
[    28.392] (II) LoadModule: "modesetting"
[    28.392] (II) Loading /usr/lib/xorg/modules/drivers/modesetting_drv.so
[    28.394] (II) Module modesetting: vendor="X.Org Foundation"
[    28.394] 	compiled for 1.21.1.7, module version = 1.21.1
[    28.394] 	Module class: X.Org Video Driver
[    28.394] 	ABI class: X.Org Video Driver, version 25.2
[    28.394] (II) LoadModule: "fbdev"
[    28.394] (WW) Warning, couldn't open module fbdev
[    28.394] (EE) Failed to load module "fbdev" (module does not exist, 0)
[    28.394] (II) LoadModule: "vesa"
[    28.394] (II) Loading /usr/lib/xorg/modules/drivers/vesa_drv.so
[    28.394] (II) Module vesa: vendor="X.Org Foundation"
[    28.394] 	compiled for 1.21.1.4, module version = 2.6.0
[    28.394] 	Module class: X.Org Video Driver
[    28.394] 	ABI class: X.Org Video Driver, version 25.2
[    28.394] (II) modesetting: Driver for Modesetting Kernel Drivers: kms
[    28.395] (II) VESA: driver for VESA chipsets: vesa
[    28.395] xf86EnableIO: failed to enable I/O ports 0000-03ff (Operation not permitted)
[    28.395] (II) modeset(0): using drv /dev/dri/card0
[    28.395] (WW) VGA arbiter: cannot open kernel arbiter, no multi-card support
[    28.395] (II) modeset(0): Creating default Display subsection in Screen section
	"Default Screen Section" for depth/fbbpp 24/32
[    28.395] (==) modeset(0): Depth 24, (==) framebuffer bpp 32
[    28.395] (==) modeset(0): RGB weight 888
[    28.395] (==) modeset(0): Default visual is TrueColor
[    28.395] (II) Loading sub module "glamoregl"
[    28.395] (II) LoadModule: "glamoregl"
[    28.395] (II) Loading /usr/lib/xorg/modules/libglamoregl.so
[    28.401] (II) Module glamoregl: vendor="X.Org Foundation"
[    28.401] 	compiled for 1.21.1.7, module version = 1.0.1
[    28.401] 	ABI class: X.Org ANSI C Emulation, version 0.4
[    30.054] (II) modeset(0): glamor X acceleration enabled on NV137
[    30.054] (II) modeset(0): glamor initialized
[    30.054] (==) modeset(0): VariableRefresh: disabled
[    30.054] (==) modeset(0): AsyncFlipSecondaries: disabled
[    30.055] (II) modeset(0): Output DVI-D-1 has no monitor section
[    30.091] (II) modeset(0): Output HDMI-1 has no monitor section
[    30.144] (II) modeset(0): Output DP-1 has no monitor section
[    30.145] (II) modeset(0): EDID for output DVI-D-1
[    30.180] (II) modeset(0): EDID for output HDMI-1
[    30.180] (II) modeset(0): Manufacturer: SGT  Model: 1900  Serial#: 6666
[    30.180] (II) modeset(0): Year: 2021  Week: 16
[    30.180] (II) modeset(0): EDID Version: 1.3
[    30.180] (II) modeset(0): Digital Display Input
[    30.180] (II) modeset(0): Max Image Size [cm]: horiz.: 43  vert.: 22
[    30.180] (II) modeset(0): Gamma: 2.20
[    30.180] (II) modeset(0): DPMS capabilities: StandBy Suspend Off
[    30.180] (II) modeset(0): Supported color encodings: RGB 4:4:4 YCrCb 4:4:4 
[    30.180] (II) modeset(0): First detailed timing is preferred mode
[    30.180] (II) modeset(0): redX: 0.647 redY: 0.325   greenX: 0.222 greenY: 0.681
[    30.180] (II) modeset(0): blueX: 0.146 blueY: 0.054   whiteX: 0.310 whiteY: 0.325
[    30.180] (II) modeset(0): Supported established timings:
[    30.180] (II) modeset(0): 640x480@60Hz
[    30.180] (II) modeset(0): 800x600@60Hz
[    30.180] (II) modeset(0): 1024x768@60Hz
[    30.180] (II) modeset(0): Manufacturer's mask: 0
[    30.180] (II) modeset(0): Supported standard timings:
[    30.180] (II) modeset(0): #0: hsize: 1280  vsize 800  refresh: 60  vid: 129
[    30.180] (II) modeset(0): #1: hsize: 1280  vsize 960  refresh: 60  vid: 16513
[    30.180] (II) modeset(0): #2: hsize: 1400  vsize 1050  refresh: 60  vid: 16528
[    30.180] (II) modeset(0): #3: hsize: 1024  vsize 768  refresh: 60  vid: 16481
[    30.180] (II) modeset(0): #4: hsize: 1280  vsize 1024  refresh: 60  vid: 32897
[    30.180] (II) modeset(0): #5: hsize: 1280  vsize 720  refresh: 60  vid: 49281
[    30.180] (II) modeset(0): #6: hsize: 1440  vsize 900  refresh: 60  vid: 149
[    30.180] (II) modeset(0): #7: hsize: 800  vsize 600  refresh: 60  vid: 16453
[    30.180] (II) modeset(0): Supported detailed timing:
[    30.180] (II) modeset(0): clock: 106.5 MHz   Image Size:  408 x 255 mm
[    30.180] (II) modeset(0): h_active: 1440  h_sync: 1520  h_sync_end 1672 h_blank_end 1904 h_border: 0
[    30.180] (II) modeset(0): v_active: 900  v_sync: 903  v_sync_end 909 v_blanking: 934 v_border: 0
[    30.180] (II) modeset(0): Supported detailed timing:
[    30.180] (II) modeset(0): clock: 79.5 MHz   Image Size:  400 x 270 mm
[    30.180] (II) modeset(0): h_active: 1280  h_sync: 1344  h_sync_end 1472 h_blank_end 1664 h_border: 0
[    30.180] (II) modeset(0): v_active: 768  v_sync: 771  v_sync_end 778 v_blanking: 798 v_border: 0
[    30.180] (II) modeset(0): Supported detailed timing:
[    30.180] (II) modeset(0): clock: 85.5 MHz   Image Size:  400 x 270 mm
[    30.180] (II) modeset(0): h_active: 1366  h_sync: 1436  h_sync_end 1579 h_blank_end 1792 h_border: 0
[    30.180] (II) modeset(0): v_active: 768  v_sync: 771  v_sync_end 774 v_blanking: 798 v_border: 0
[    30.180] (II) modeset(0): Monitor name: 
[    30.180] (II) modeset(0): EDID (in hex):
[    30.180] (II) modeset(0): 	00ffffffffffff004cf400190a1a0000
[    30.180] (II) modeset(0): 	101f0103802b1678eadd75a55338ae25
[    30.180] (II) modeset(0): 	0d4f5321080081008140904061408180
[    30.180] (II) modeset(0): 	81c0950045409a29a0d0518422305098
[    30.180] (II) modeset(0): 	360098ff1000001c0e1f008051001e30
[    30.180] (II) modeset(0): 	40803700900e1100001e662156aa5100
[    30.180] (II) modeset(0): 	1e30468f3300900e1100001e000000fc
[    30.180] (II) modeset(0): 	000a202020202020202020202020002b
[    30.180] (II) modeset(0): Printing probed modes for output HDMI-1
[    30.180] (II) modeset(0): Modeline "1440x900"x59.9  106.50  1440 1520 1672 1904  900 903 909 934 -hsync +vsync (55.9 kHz eP)
[    30.180] (II) modeset(0): Modeline "1400x1050"x60.0  122.00  1400 1488 1640 1880  1050 1052 1064 1082 +hsync +vsync (64.9 kHz d)
[    30.180] (II) modeset(0): Modeline "1400x1050"x59.9  101.00  1400 1448 1480 1560  1050 1053 1057 1080 +hsync -vsync (64.7 kHz e)
[    30.180] (II) modeset(0): Modeline "1280x1024"x60.0  108.00  1280 1328 1440 1688  1024 1025 1028 1066 +hsync +vsync (64.0 kHz e)
[    30.180] (II) modeset(0): Modeline "1400x900"x60.0  103.50  1400 1480 1624 1848  900 903 913 934 -hsync +vsync (56.0 kHz d)
[    30.180] (II) modeset(0): Modeline "1400x900"x59.9   86.50  1400 1448 1480 1560  900 903 913 926 +hsync -vsync (55.4 kHz d)
[    30.180] (II) modeset(0): Modeline "1280x960"x60.0  108.00  1280 1376 1488 1800  960 961 964 1000 +hsync +vsync (60.0 kHz e)
[    30.180] (II) modeset(0): Modeline "1440x810"x120.0  198.12  1440 1548 1704 1968  810 811 814 839 doublescan -hsync +vsync (100.7 kHz d)
[    30.180] (II) modeset(0): Modeline "1440x810"x119.9  151.88  1440 1464 1480 1520  810 811 814 833 doublescan +hsync -vsync (99.9 kHz d)
[    30.180] (II) modeset(0): Modeline "1368x768"x59.9   85.25  1368 1440 1576 1784  768 771 781 798 -hsync +vsync (47.8 kHz d)
[    30.180] (II) modeset(0): Modeline "1368x768"x59.9   72.25  1368 1416 1448 1528  768 771 781 790 +hsync -vsync (47.3 kHz d)
[    30.180] (II) modeset(0): Modeline "1366x768"x59.8   85.50  1366 1436 1579 1792  768 771 774 798 +hsync +vsync (47.7 kHz e)
[    30.180] (II) modeset(0): Modeline "1280x800"x120.0  174.25  1280 1380 1516 1752  800 801 804 829 doublescan -hsync +vsync (99.5 kHz d)
[    30.180] (II) modeset(0): Modeline "1280x800"x119.9  134.25  1280 1304 1320 1360  800 801 804 823 doublescan +hsync -vsync (98.7 kHz d)
[    30.180] (II) modeset(0): Modeline "1280x800"x59.8   83.50  1280 1352 1480 1680  800 803 809 831 -hsync +vsync (49.7 kHz d)
[    30.180] (II) modeset(0): Modeline "1280x800"x59.9   71.00  1280 1328 1360 1440  800 803 809 823 +hsync -vsync (49.3 kHz e)
[    30.180] (II) modeset(0): Modeline "1280x768"x59.9   79.50  1280 1344 1472 1664  768 771 778 798 +hsync +vsync (47.8 kHz e)
[    30.180] (II) modeset(0): Modeline "1280x720"x120.0  156.12  1280 1376 1512 1744  720 721 724 746 doublescan -hsync +vsync (89.5 kHz d)
[    30.180] (II) modeset(0): Modeline "1280x720"x120.0  120.75  1280 1304 1320 1360  720 721 724 740 doublescan +hsync -vsync (88.8 kHz d)
[    30.180] (II) modeset(0): Modeline "1280x720"x59.9   74.50  1280 1344 1472 1664  720 723 728 748 -hsync +vsync (44.8 kHz d)
[    30.180] (II) modeset(0): Modeline "1280x720"x60.0   74.25  1280 1390 1430 1650  720 725 730 750 +hsync +vsync (45.0 kHz e)
[    30.180] (II) modeset(0): Modeline "1280x720"x59.7   63.75  1280 1328 1360 1440  720 723 728 741 +hsync -vsync (44.3 kHz d)
[    30.180] (II) modeset(0): Modeline "1024x768"x120.1  133.47  1024 1100 1212 1400  768 768 770 794 doublescan -hsync +vsync (95.3 kHz d)
[    30.180] (II) modeset(0): Modeline "1024x768"x60.0   65.00  1024 1048 1184 1344  768 771 777 806 -hsync -vsync (48.4 kHz e)
[    30.180] (II) modeset(0): Modeline "960x720"x120.0  117.00  960 1024 1128 1300  720 720 722 750 doublescan -hsync +vsync (90.0 kHz d)
[    30.180] (II) modeset(0): Modeline "928x696"x120.1  109.15  928 976 1088 1264  696 696 698 719 doublescan -hsync +vsync (86.4 kHz d)
[    30.180] (II) modeset(0): Modeline "896x672"x120.0  102.40  896 960 1060 1224  672 672 674 697 doublescan -hsync +vsync (83.7 kHz d)
[    30.180] (II) modeset(0): Modeline "1024x576"x119.9   98.50  1024 1092 1200 1376  576 577 580 597 doublescan -hsync +vsync (71.6 kHz d)
[    30.180] (II) modeset(0): Modeline "1024x576"x119.9   78.38  1024 1048 1064 1104  576 577 580 592 doublescan +hsync -vsync (71.0 kHz d)
[    30.180] (II) modeset(0): Modeline "1024x576"x59.9   46.50  1024 1064 1160 1296  576 579 584 599 -hsync +vsync (35.9 kHz d)
[    30.180] (II) modeset(0): Modeline "1024x576"x59.8   42.00  1024 1072 1104 1184  576 579 584 593 +hsync -vsync (35.5 kHz d)
[    30.180] (II) modeset(0): Modeline "960x600"x119.9   96.62  960 1028 1128 1296  600 601 604 622 doublescan -hsync +vsync (74.6 kHz d)
[    30.180] (II) modeset(0): Modeline "960x600"x120.0   77.00  960 984 1000 1040  600 601 604 617 doublescan +hsync -vsync (74.0 kHz d)
[    30.180] (II) modeset(0): Modeline "960x540"x119.9   86.50  960 1024 1124 1288  540 541 544 560 doublescan -hsync +vsync (67.2 kHz d)
[    30.180] (II) modeset(0): Modeline "960x540"x120.0   69.25  960 984 1000 1040  540 541 544 555 doublescan +hsync -vsync (66.6 kHz d)
[    30.180] (II) modeset(0): Modeline "960x540"x59.6   40.75  960 992 1088 1216  540 543 548 562 -hsync +vsync (33.5 kHz d)
[    30.180] (II) modeset(0): Modeline "960x540"x59.8   37.25  960 1008 1040 1120  540 543 548 556 +hsync -vsync (33.3 kHz d)
[    30.180] (II) modeset(0): Modeline "800x600"x120.0   81.00  800 832 928 1080  600 600 602 625 doublescan +hsync +vsync (75.0 kHz d)
[    30.180] (II) modeset(0): Modeline "800x600"x60.3   40.00  800 840 968 1056  600 601 605 628 +hsync +vsync (37.9 kHz e)
[    30.180] (II) modeset(0): Modeline "800x600"x56.2   36.00  800 824 896 1024  600 601 603 625 +hsync +vsync (35.2 kHz d)
[    30.180] (II) modeset(0): Modeline "840x525"x120.0   73.12  840 892 980 1120  525 526 529 544 doublescan -hsync +vsync (65.3 kHz d)
[    30.180] (II) modeset(0): Modeline "840x525"x119.8   59.50  840 864 880 920  525 526 529 540 doublescan +hsync -vsync (64.7 kHz d)
[    30.180] (II) modeset(0): Modeline "864x486"x59.9   32.50  864 888 968 1072  486 489 494 506 -hsync +vsync (30.3 kHz d)
[    30.180] (II) modeset(0): Modeline "864x486"x59.6   30.50  864 912 944 1024  486 489 494 500 +hsync -vsync (29.8 kHz d)
[    30.180] (II) modeset(0): Modeline "700x525"x120.0   61.00  700 744 820 940  525 526 532 541 doublescan +hsync +vsync (64.9 kHz d)
[    30.180] (II) modeset(0): Modeline "800x450"x119.9   59.12  800 848 928 1056  450 451 454 467 doublescan -hsync +vsync (56.0 kHz d)
[    30.180] (II) modeset(0): Modeline "800x450"x119.6   48.75  800 824 840 880  450 451 454 463 doublescan +hsync -vsync (55.4 kHz d)
[    30.180] (II) modeset(0): Modeline "640x512"x120.0   54.00  640 664 720 844  512 512 514 533 doublescan +hsync +vsync (64.0 kHz d)
[    30.180] (II) modeset(0): Modeline "700x450"x119.9   51.75  700 740 812 924  450 451 456 467 doublescan -hsync +vsync (56.0 kHz d)
[    30.180] (II) modeset(0): Modeline "700x450"x119.8   43.25  700 724 740 780  450 451 456 463 doublescan +hsync -vsync (55.4 kHz d)
[    30.180] (II) modeset(0): Modeline "640x480"x120.0   54.00  640 688 744 900  480 480 482 500 doublescan +hsync +vsync (60.0 kHz d)
[    30.180] (II) modeset(0): Modeline "640x480"x59.9   25.18  640 656 752 800  480 490 492 525 -hsync -vsync (31.5 kHz e)
[    30.180] (II) modeset(0): Modeline "720x405"x59.5   22.50  720 744 808 896  405 408 413 422 -hsync +vsync (25.1 kHz d)
[    30.180] (II) modeset(0): Modeline "720x405"x59.0   21.75  720 768 800 880  405 408 413 419 +hsync -vsync (24.7 kHz d)
[    30.180] (II) modeset(0): Modeline "684x384"x119.8   42.62  684 720 788 892  384 385 390 399 doublescan -hsync +vsync (47.8 kHz d)
[    30.180] (II) modeset(0): Modeline "684x384"x119.7   36.12  684 708 724 764  384 385 390 395 doublescan +hsync -vsync (47.3 kHz d)
[    30.180] (II) modeset(0): Modeline "640x400"x119.8   41.75  640 676 740 840  400 401 404 415 doublescan -hsync +vsync (49.7 kHz d)
[    30.180] (II) modeset(0): Modeline "640x400"x120.0   35.50  640 664 680 720  400 401 404 411 doublescan +hsync -vsync (49.3 kHz d)
[    30.180] (II) modeset(0): Modeline "640x360"x119.7   37.25  640 672 736 832  360 361 364 374 doublescan -hsync +vsync (44.8 kHz d)
[    30.180] (II) modeset(0): Modeline "640x360"x119.7   31.88  640 664 680 720  360 361 364 370 doublescan +hsync -vsync (44.3 kHz d)
[    30.180] (II) modeset(0): Modeline "640x360"x59.8   18.00  640 664 720 800  360 363 368 376 -hsync +vsync (22.5 kHz d)
[    30.180] (II) modeset(0): Modeline "640x360"x59.3   17.75  640 688 720 800  360 363 368 374 +hsync -vsync (22.2 kHz d)
[    30.180] (II) modeset(0): Modeline "512x384"x120.0   32.50  512 524 592 672  384 385 388 403 doublescan -hsync -vsync (48.4 kHz d)
[    30.181] (II) modeset(0): Modeline "512x288"x120.0   23.25  512 532 580 648  288 289 292 299 doublescan -hsync +vsync (35.9 kHz d)
[    30.181] (II) modeset(0): Modeline "512x288"x119.8   21.00  512 536 552 592  288 289 292 296 doublescan +hsync -vsync (35.5 kHz d)
[    30.181] (II) modeset(0): Modeline "480x270"x119.3   20.38  480 496 544 608  270 271 274 281 doublescan -hsync +vsync (33.5 kHz d)
[    30.181] (II) modeset(0): Modeline "480x270"x119.6   18.62  480 504 520 560  270 271 274 278 doublescan +hsync -vsync (33.3 kHz d)
[    30.181] (II) modeset(0): Modeline "400x300"x120.6   20.00  400 420 484 528  300 300 302 314 doublescan +hsync +vsync (37.9 kHz d)
[    30.181] (II) modeset(0): Modeline "400x300"x112.7   18.00  400 412 448 512  300 300 301 312 doublescan +hsync +vsync (35.2 kHz d)
[    30.181] (II) modeset(0): Modeline "432x243"x119.8   16.25  432 444 484 536  243 244 247 253 doublescan -hsync +vsync (30.3 kHz d)
[    30.181] (II) modeset(0): Modeline "432x243"x119.1   15.25  432 456 472 512  243 244 247 250 doublescan +hsync -vsync (29.8 kHz d)
[    30.181] (II) modeset(0): Modeline "320x240"x120.1   12.59  320 328 376 400  240 245 246 262 doublescan -hsync -vsync (31.5 kHz d)
[    30.181] (II) modeset(0): Modeline "360x202"x119.0   11.25  360 372 404 448  202 204 206 211 doublescan -hsync +vsync (25.1 kHz d)
[    30.181] (II) modeset(0): Modeline "360x202"x118.3   10.88  360 384 400 440  202 204 206 209 doublescan +hsync -vsync (24.7 kHz d)
[    30.181] (II) modeset(0): Modeline "320x180"x119.7    9.00  320 332 360 400  180 181 184 188 doublescan -hsync +vsync (22.5 kHz d)
[    30.181] (II) modeset(0): Modeline "320x180"x118.6    8.88  320 344 360 400  180 181 184 187 doublescan +hsync -vsync (22.2 kHz d)
[    30.234] (II) modeset(0): EDID for output DP-1
[    30.234] (II) modeset(0): Output DVI-D-1 disconnected
[    30.234] (II) modeset(0): Output HDMI-1 connected
[    30.234] (II) modeset(0): Output DP-1 disconnected
[    30.234] (II) modeset(0): Using exact sizes for initial modes
[    30.234] (II) modeset(0): Output HDMI-1 using initial mode 1440x900 +0+0
[    30.234] (==) modeset(0): Using gamma correction (1.0, 1.0, 1.0)
[    30.234] (==) modeset(0): DPI set to (96, 96)
[    30.234] (II) Loading sub module "fb"
[    30.234] (II) LoadModule: "fb"
[    30.234] (II) Module "fb" already built-in
[    30.234] (II) UnloadModule: "vesa"
[    30.234] (II) Unloading vesa
[    30.262] (==) modeset(0): Backing store enabled
[    30.262] (==) modeset(0): Silken mouse enabled
[    30.272] (II) modeset(0): Initializing kms color map for depth 24, 8 bpc.
[    30.272] (==) modeset(0): DPMS enabled
[    30.272] (II) modeset(0): [DRI2] Setup complete
[    30.272] (II) modeset(0): [DRI2]   DRI driver: nouveau
[    30.272] (II) modeset(0): [DRI2]   VDPAU driver: nouveau
[    30.272] (II) Initializing extension Generic Event Extension
[    30.272] (II) Initializing extension SHAPE
[    30.272] (II) Initializing extension MIT-SHM
[    30.272] (II) Initializing extension XInputExtension
[    30.272] (II) Initializing extension XTEST
[    30.272] (II) Initializing extension BIG-REQUESTS
[    30.273] (II) Initializing extension SYNC
[    30.273] (II) Initializing extension XKEYBOARD
[    30.273] (II) Initializing extension XC-MISC
[    30.273] (II) Initializing extension SECURITY
[    30.273] (II) Initializing extension XFIXES
[    30.273] (II) Initializing extension RENDER
[    30.273] (II) Initializing extension RANDR
[    30.273] (II) Initializing extension COMPOSITE
[    30.273] (II) Initializing extension DAMAGE
[    30.273] (II) Initializing extension MIT-SCREEN-SAVER
[    30.273] (II) Initializing extension DOUBLE-BUFFER
[    30.273] (II) Initializing extension RECORD
[    30.273] (II) Initializing extension DPMS
[    30.273] (II) Initializing extension Present
[    30.273] (II) Initializing extension DRI3
[    30.273] (II) Initializing extension X-Resource
[    30.273] (II) Initializing extension XVideo
[    30.273] (II) Initializing extension XVideo-MotionCompensation
[    30.273] (II) Initializing extension GLX
[    30.276] (II) AIGLX: Loaded and initialized nouveau
[    30.276] (II) GLX: Initialized DRI2 GL provider for screen 0
[    30.276] (II) Initializing extension XFree86-VidModeExtension
[    30.276] (II) Initializing extension XFree86-DGA
[    30.276] (II) Initializing extension XFree86-DRI
[    30.276] (II) Initializing extension DRI2
[    30.276] (II) modeset(0): Damage tracking initialized
[    30.276] (II) modeset(0): Setting screen physical size to 381 x 238
[    30.337] (II) config/udev: Adding input device Power Button (/dev/input/event2)
[    30.337] (**) Power Button: Applying InputClass "libinput keyboard catchall"
[    30.337] (II) LoadModule: "libinput"
[    30.337] (II) Loading /usr/lib/xorg/modules/input/libinput_drv.so
[    30.341] (II) Module libinput: vendor="X.Org Foundation"
[    30.341] 	compiled for 1.21.1.3, module version = 1.2.1
[    30.341] 	Module class: X.Org XInput Driver
[    30.341] 	ABI class: X.Org XInput driver, version 24.4
[    30.341] (II) Using input driver 'libinput' for 'Power Button'
[    30.341] (II) systemd-logind: got fd for /dev/input/event2 13:66 fd 25 paused 0
[    30.341] (**) Power Button: always reports core events
[    30.341] (**) Option "Device" "/dev/input/event2"
[    30.347] (II) event2  - Power Button: is tagged by udev as: Keyboard
[    30.347] (II) event2  - Power Button: device is a keyboard
[    30.347] (II) event2  - Power Button: device removed
[    30.347] (**) Option "config_info" "udev:/sys/devices/LNXSYSTM:00/LNXPWRBN:00/input/input2/event2"
[    30.347] (II) XINPUT: Adding extended input device "Power Button" (type: KEYBOARD, id 6)
[    30.348] (II) event2  - Power Button: is tagged by udev as: Keyboard
[    30.348] (II) event2  - Power Button: device is a keyboard
[    30.348] (II) config/udev: Adding input device Power Button (/dev/input/event1)
[    30.348] (**) Power Button: Applying InputClass "libinput keyboard catchall"
[    30.348] (II) Using input driver 'libinput' for 'Power Button'
[    30.348] (II) systemd-logind: got fd for /dev/input/event1 13:65 fd 28 paused 0
[    30.348] (**) Power Button: always reports core events
[    30.348] (**) Option "Device" "/dev/input/event1"
[    30.349] (II) event1  - Power Button: is tagged by udev as: Keyboard
[    30.349] (II) event1  - Power Button: device is a keyboard
[    30.349] (II) event1  - Power Button: device removed
[    30.349] (**) Option "config_info" "udev:/sys/devices/LNXSYSTM:00/LNXSYBUS:00/PNP0C0C:00/input/input1/event1"
[    30.349] (II) XINPUT: Adding extended input device "Power Button" (type: KEYBOARD, id 7)
[    30.349] (II) event1  - Power Button: is tagged by udev as: Keyboard
[    30.349] (II) event1  - Power Button: device is a keyboard
[    30.350] (II) config/udev: Adding input device Sleep Button (/dev/input/event0)
[    30.350] (**) Sleep Button: Applying InputClass "libinput keyboard catchall"
[    30.350] (II) Using input driver 'libinput' for 'Sleep Button'
[    30.350] (II) systemd-logind: got fd for /dev/input/event0 13:64 fd 29 paused 0
[    30.350] (**) Sleep Button: always reports core events
[    30.350] (**) Option "Device" "/dev/input/event0"
[    30.350] (II) event0  - Sleep Button: is tagged by udev as: Keyboard
[    30.350] (II) event0  - Sleep Button: device is a keyboard
[    30.351] (II) event0  - Sleep Button: device removed
[    30.351] (**) Option "config_info" "udev:/sys/devices/LNXSYSTM:00/LNXSYBUS:00/PNP0C0E:00/input/input0/event0"
[    30.351] (II) XINPUT: Adding extended input device "Sleep Button" (type: KEYBOARD, id 8)
[    30.351] (II) event0  - Sleep Button: is tagged by udev as: Keyboard
[    30.351] (II) event0  - Sleep Button: device is a keyboard
[    30.351] (II) config/udev: Adding input device HDA NVidia HDMI/DP,pcm=3 (/dev/input/event9)
[    30.352] (II) No input driver specified, ignoring this device.
[    30.352] (II) This device may have been added with another device file.
[    30.352] (II) config/udev: Adding input device HDA NVidia HDMI/DP,pcm=7 (/dev/input/event10)
[    30.352] (II) No input driver specified, ignoring this device.
[    30.352] (II) This device may have been added with another device file.
[    30.352] (II) config/udev: Adding input device HDA NVidia HDMI/DP,pcm=8 (/dev/input/event11)
[    30.352] (II) No input driver specified, ignoring this device.
[    30.352] (II) This device may have been added with another device file.
[    30.352] (II) config/udev: Adding input device HDA NVidia HDMI/DP,pcm=9 (/dev/input/event12)
[    30.352] (II) No input driver specified, ignoring this device.
[    30.352] (II) This device may have been added with another device file.
[    30.352] (II) config/udev: Adding input device Logitech USB Keyboard (/dev/input/event3)
[    30.352] (**) Logitech USB Keyboard: Applying InputClass "libinput keyboard catchall"
[    30.352] (II) Using input driver 'libinput' for 'Logitech USB Keyboard'
[    30.353] (II) systemd-logind: got fd for /dev/input/event3 13:67 fd 30 paused 0
[    30.353] (**) Logitech USB Keyboard: always reports core events
[    30.353] (**) Option "Device" "/dev/input/event3"
[    30.354] (II) event3  - Logitech USB Keyboard: is tagged by udev as: Keyboard
[    30.354] (II) event3  - Logitech USB Keyboard: device is a keyboard
[    30.354] (II) event3  - Logitech USB Keyboard: device removed
[    30.354] (**) Option "config_info" "udev:/sys/devices/pci0000:00/0000:00:14.0/usb1/1-3/1-3:1.0/0003:046D:C31C.0001/input/input3/event3"
[    30.354] (II) XINPUT: Adding extended input device "Logitech USB Keyboard" (type: KEYBOARD, id 9)
[    30.355] (II) event3  - Logitech USB Keyboard: is tagged by udev as: Keyboard
[    30.355] (II) event3  - Logitech USB Keyboard: device is a keyboard
[    30.355] (II) config/udev: Adding input device Logitech USB Keyboard (/dev/input/event4)
[    30.355] (**) Logitech USB Keyboard: Applying InputClass "libinput keyboard catchall"
[    30.355] (II) Using input driver 'libinput' for 'Logitech USB Keyboard'
[    30.356] (II) systemd-logind: got fd for /dev/input/event4 13:68 fd 31 paused 0
[    30.356] (**) Logitech USB Keyboard: always reports core events
[    30.356] (**) Option "Device" "/dev/input/event4"
[    30.356] (II) event4  - Logitech USB Keyboard: is tagged by udev as: Keyboard
[    30.356] (II) event4  - Logitech USB Keyboard: device is a keyboard
[    30.356] (II) event4  - Logitech USB Keyboard: device removed
[    30.356] (II) libinput: Logitech USB Keyboard: needs a virtual subdevice
[    30.356] (**) Option "config_info" "udev:/sys/devices/pci0000:00/0000:00:14.0/usb1/1-3/1-3:1.1/0003:046D:C31C.0002/input/input4/event4"
[    30.356] (II) XINPUT: Adding extended input device "Logitech USB Keyboard" (type: MOUSE, id 10)
[    30.356] (**) Option "AccelerationScheme" "none"
[    30.356] (**) Logitech USB Keyboard: (accel) selected scheme none/0
[    30.356] (**) Logitech USB Keyboard: (accel) acceleration factor: 2.000
[    30.356] (**) Logitech USB Keyboard: (accel) acceleration threshold: 4
[    30.357] (II) event4  - Logitech USB Keyboard: is tagged by udev as: Keyboard
[    30.357] (II) event4  - Logitech USB Keyboard: device is a keyboard
[    30.358] (II) config/udev: Adding input device USB OPTICAL MOUSE  (/dev/input/event5)
[    30.358] (**) USB OPTICAL MOUSE : Applying InputClass "libinput pointer catchall"
[    30.358] (II) Using input driver 'libinput' for 'USB OPTICAL MOUSE '
[    30.414] (II) systemd-logind: got fd for /dev/input/event5 13:69 fd 32 paused 0
[    30.414] (**) USB OPTICAL MOUSE : always reports core events
[    30.414] (**) Option "Device" "/dev/input/event5"
[    30.416] (II) event5  - USB OPTICAL MOUSE : is tagged by udev as: Mouse
[    30.416] (II) event5  - USB OPTICAL MOUSE : device is a pointer
[    30.416] (II) event5  - USB OPTICAL MOUSE : device removed
[    30.416] (**) Option "config_info" "udev:/sys/devices/pci0000:00/0000:00:14.0/usb1/1-4/1-4:1.0/0003:4E53:5407.0003/input/input5/event5"
[    30.416] (II) XINPUT: Adding extended input device "USB OPTICAL MOUSE " (type: MOUSE, id 11)
[    30.416] (**) Option "AccelerationScheme" "none"
[    30.416] (**) USB OPTICAL MOUSE : (accel) selected scheme none/0
[    30.416] (**) USB OPTICAL MOUSE : (accel) acceleration factor: 2.000
[    30.416] (**) USB OPTICAL MOUSE : (accel) acceleration threshold: 4
[    30.418] (II) event5  - USB OPTICAL MOUSE : is tagged by udev as: Mouse
[    30.418] (II) event5  - USB OPTICAL MOUSE : device is a pointer
[    30.419] (II) config/udev: Adding input device USB OPTICAL MOUSE  (/dev/input/mouse0)
[    30.419] (II) No input driver specified, ignoring this device.
[    30.419] (II) This device may have been added with another device file.
[    30.420] (II) config/udev: Adding input device USB OPTICAL MOUSE  Keyboard (/dev/input/event6)
[    30.420] (**) USB OPTICAL MOUSE  Keyboard: Applying InputClass "libinput keyboard catchall"
[    30.420] (II) Using input driver 'libinput' for 'USB OPTICAL MOUSE  Keyboard'
[    30.421] (II) systemd-logind: got fd for /dev/input/event6 13:70 fd 33 paused 0
[    30.421] (**) USB OPTICAL MOUSE  Keyboard: always reports core events
[    30.421] (**) Option "Device" "/dev/input/event6"
[    30.422] (II) event6  - USB OPTICAL MOUSE  Keyboard: is tagged by udev as: Keyboard
[    30.422] (II) event6  - USB OPTICAL MOUSE  Keyboard: device is a keyboard
[    30.423] (II) event6  - USB OPTICAL MOUSE  Keyboard: device removed
[    30.423] (II) libinput: USB OPTICAL MOUSE  Keyboard: needs a virtual subdevice
[    30.423] (**) Option "config_info" "udev:/sys/devices/pci0000:00/0000:00:14.0/usb1/1-4/1-4:1.1/0003:4E53:5407.0004/input/input6/event6"
[    30.423] (II) XINPUT: Adding extended input device "USB OPTICAL MOUSE  Keyboard" (type: MOUSE, id 12)
[    30.423] (**) Option "AccelerationScheme" "none"
[    30.423] (**) USB OPTICAL MOUSE  Keyboard: (accel) selected scheme none/0
[    30.423] (**) USB OPTICAL MOUSE  Keyboard: (accel) acceleration factor: 2.000
[    30.423] (**) USB OPTICAL MOUSE  Keyboard: (accel) acceleration threshold: 4
[    30.425] (II) event6  - USB OPTICAL MOUSE  Keyboard: is tagged by udev as: Keyboard
[    30.425] (II) event6  - USB OPTICAL MOUSE  Keyboard: device is a keyboard
[    30.426] (II) config/udev: Adding input device HDA Intel PCH Front Mic (/dev/input/event13)
[    30.426] (II) No input driver specified, ignoring this device.
[    30.426] (II) This device may have been added with another device file.
[    30.426] (II) config/udev: Adding input device HDA Intel PCH Rear Mic (/dev/input/event14)
[    30.426] (II) No input driver specified, ignoring this device.
[    30.426] (II) This device may have been added with another device file.
[    30.427] (II) config/udev: Adding input device HDA Intel PCH Line (/dev/input/event15)
[    30.427] (II) No input driver specified, ignoring this device.
[    30.427] (II) This device may have been added with another device file.
[    30.427] (II) config/udev: Adding input device HDA Intel PCH Line Out (/dev/input/event16)
[    30.427] (II) No input driver specified, ignoring this device.
[    30.427] (II) This device may have been added with another device file.
[    30.428] (II) config/udev: Adding input device HDA Intel PCH Front Headphone (/dev/input/event17)
[    30.428] (II) No input driver specified, ignoring this device.
[    30.428] (II) This device may have been added with another device file.
[    30.428] (II) config/udev: Adding input device Eee PC WMI hotkeys (/dev/input/event8)
[    30.428] (**) Eee PC WMI hotkeys: Applying InputClass "libinput keyboard catchall"
[    30.428] (II) Using input driver 'libinput' for 'Eee PC WMI hotkeys'
[    30.429] (II) systemd-logind: got fd for /dev/input/event8 13:72 fd 34 paused 0
[    30.429] (**) Eee PC WMI hotkeys: always reports core events
[    30.429] (**) Option "Device" "/dev/input/event8"
[    30.430] (II) event8  - Eee PC WMI hotkeys: is tagged by udev as: Keyboard
[    30.430] (II) event8  - Eee PC WMI hotkeys: device is a keyboard
[    30.430] (II) event8  - Eee PC WMI hotkeys: device removed
[    30.430] (**) Option "config_info" "udev:/sys/devices/platform/eeepc-wmi/input/input9/event8"
[    30.430] (II) XINPUT: Adding extended input device "Eee PC WMI hotkeys" (type: KEYBOARD, id 13)
[    30.432] (II) event8  - Eee PC WMI hotkeys: is tagged by udev as: Keyboard
[    30.432] (II) event8  - Eee PC WMI hotkeys: device is a keyboard
[    30.432] (II) config/udev: Adding input device PC Speaker (/dev/input/event7)
[    30.432] (II) No input driver specified, ignoring this device.
[    30.432] (II) This device may have been added with another device file.
[    30.440] (**) Logitech USB Keyboard: Applying InputClass "libinput keyboard catchall"
[    30.440] (II) Using input driver 'libinput' for 'Logitech USB Keyboard'
[    30.440] (II) systemd-logind: returning pre-existing fd for /dev/input/event4 13:68
[    30.440] (**) Logitech USB Keyboard: always reports core events
[    30.440] (**) Option "Device" "/dev/input/event4"
[    30.440] (II) libinput: Logitech USB Keyboard: is a virtual subdevice
[    30.440] (**) Option "config_info" "udev:/sys/devices/pci0000:00/0000:00:14.0/usb1/1-3/1-3:1.1/0003:046D:C31C.0002/input/input4/event4"
[    30.440] (II) XINPUT: Adding extended input device "Logitech USB Keyboard" (type: KEYBOARD, id 14)
[    30.440] (**) USB OPTICAL MOUSE  Keyboard: Applying InputClass "libinput keyboard catchall"
[    30.440] (II) Using input driver 'libinput' for 'USB OPTICAL MOUSE  Keyboard'
[    30.440] (II) systemd-logind: returning pre-existing fd for /dev/input/event6 13:70
[    30.440] (**) USB OPTICAL MOUSE  Keyboard: always reports core events
[    30.440] (**) Option "Device" "/dev/input/event6"
[    30.440] (II) libinput: USB OPTICAL MOUSE  Keyboard: is a virtual subdevice
[    30.440] (**) Option "config_info" "udev:/sys/devices/pci0000:00/0000:00:14.0/usb1/1-4/1-4:1.1/0003:4E53:5407.0004/input/input6/event6"
[    30.440] (II) XINPUT: Adding extended input device "USB OPTICAL MOUSE  Keyboard" (type: KEYBOARD, id 15)
[    30.708] (II) modeset(0): Disabling kernel dirty updates, not required.
[ 14624.975] (II) modeset(0): EDID vendor "SGT", prod id 6400
[ 14624.975] (II) modeset(0): Printing DDC gathered Modelines:
[ 14624.975] (II) modeset(0): Modeline "1440x900"x0.0  106.50  1440 1520 1672 1904  900 903 909 934 -hsync +vsync (55.9 kHz eP)
[ 14624.975] (II) modeset(0): Modeline "1280x768"x0.0   79.50  1280 1344 1472 1664  768 771 778 798 +hsync +vsync (47.8 kHz e)
[ 14624.975] (II) modeset(0): Modeline "1366x768"x0.0   85.50  1366 1436 1579 1792  768 771 774 798 +hsync +vsync (47.7 kHz e)
[ 14624.975] (II) modeset(0): Modeline "800x600"x0.0   40.00  800 840 968 1056  600 601 605 628 +hsync +vsync (37.9 kHz e)
[ 14624.975] (II) modeset(0): Modeline "640x480"x0.0   25.18  640 656 752 800  480 490 492 525 -hsync -vsync (31.5 kHz e)
[ 14624.975] (II) modeset(0): Modeline "1024x768"x0.0   65.00  1024 1048 1184 1344  768 771 777 806 -hsync -vsync (48.4 kHz e)
[ 14624.975] (II) modeset(0): Modeline "1280x800"x0.0   71.00  1280 1328 1360 1440  800 803 809 823 +hsync -vsync (49.3 kHz e)
[ 14624.975] (II) modeset(0): Modeline "1280x960"x0.0  108.00  1280 1376 1488 1800  960 961 964 1000 +hsync +vsync (60.0 kHz e)
[ 14624.975] (II) modeset(0): Modeline "1400x1050"x0.0  101.00  1400 1448 1480 1560  1050 1053 1057 1080 +hsync -vsync (64.7 kHz e)
[ 14624.975] (II) modeset(0): Modeline "1280x1024"x0.0  108.00  1280 1328 1440 1688  1024 1025 1028 1066 +hsync +vsync (64.0 kHz e)
[ 14624.975] (II) modeset(0): Modeline "1280x720"x60.0   74.48  1280 1336 1472 1664  720 721 724 746 -hsync +vsync (44.8 kHz e)
[ 14625.149] (II) modeset(0): EDID vendor "SGT", prod id 6400
[ 14625.149] (II) modeset(0): Printing DDC gathered Modelines:
[ 14625.149] (II) modeset(0): Modeline "1440x900"x0.0  106.50  1440 1520 1672 1904  900 903 909 934 -hsync +vsync (55.9 kHz eP)
[ 14625.149] (II) modeset(0): Modeline "1280x768"x0.0   79.50  1280 1344 1472 1664  768 771 778 798 +hsync +vsync (47.8 kHz e)
[ 14625.149] (II) modeset(0): Modeline "1366x768"x0.0   85.50  1366 1436 1579 1792  768 771 774 798 +hsync +vsync (47.7 kHz e)
[ 14625.149] (II) modeset(0): Modeline "800x600"x0.0   40.00  800 840 968 1056  600 601 605 628 +hsync +vsync (37.9 kHz e)
[ 14625.149] (II) modeset(0): Modeline "640x480"x0.0   25.18  640 656 752 800  480 490 492 525 -hsync -vsync (31.5 kHz e)
[ 14625.149] (II) modeset(0): Modeline "1024x768"x0.0   65.00  1024 1048 1184 1344  768 771 777 806 -hsync -vsync (48.4 kHz e)
[ 14625.149] (II) modeset(0): Modeline "1280x800"x0.0   71.00  1280 1328 1360 1440  800 803 809 823 +hsync -vsync (49.3 kHz e)
[ 14625.149] (II) modeset(0): Modeline "1280x960"x0.0  108.00  1280 1376 1488 1800  960 961 964 1000 +hsync +vsync (60.0 kHz e)
[ 14625.149] (II) modeset(0): Modeline "1400x1050"x0.0  101.00  1400 1448 1480 1560  1050 1053 1057 1080 +hsync -vsync (64.7 kHz e)
[ 14625.149] (II) modeset(0): Modeline "1280x1024"x0.0  108.00  1280 1328 1440 1688  1024 1025 1028 1066 +hsync +vsync (64.0 kHz e)
[ 14625.149] (II) modeset(0): Modeline "1280x720"x60.0   74.48  1280 1336 1472 1664  720 721 724 746 -hsync +vsync (44.8 kHz e)
[ 14625.200] (II) config/udev: Adding input device USB OPTICAL MOUSE  (/dev/input/mouse0)
[ 14625.200] (II) No input driver specified, ignoring this device.
[ 14625.200] (II) This device may have been added with another device file.
[ 14625.202] (II) config/udev: removing device Power Button
[ 14625.202] (**) Option "fd" "25"
[ 14625.202] (II) event2  - Power Button: device removed
[ 14625.202] (II) UnloadModule: "libinput"
[ 14625.202] (II) systemd-logind: releasing fd for 13:66
[ 14625.219] (II) config/udev: Adding input device Power Button (/dev/input/event2)
[ 14625.219] (**) Power Button: Applying InputClass "libinput keyboard catchall"
[ 14625.219] (II) Using input driver 'libinput' for 'Power Button'
[ 14625.220] (II) systemd-logind: got fd for /dev/input/event2 13:66 fd 41 paused 0
[ 14625.220] (**) Power Button: always reports core events
[ 14625.220] (**) Option "Device" "/dev/input/event2"
[ 14625.220] (II) event2  - Power Button: is tagged by udev as: Keyboard
[ 14625.220] (II) event2  - Power Button: device is a keyboard
[ 14625.220] (II) event2  - Power Button: device removed
[ 14625.220] (**) Option "config_info" "udev:/sys/devices/LNXSYSTM:00/LNXPWRBN:00/input/input2/event2"
[ 14625.220] (II) XINPUT: Adding extended input device "Power Button" (type: KEYBOARD, id 6)
[ 14625.221] (II) event2  - Power Button: is tagged by udev as: Keyboard
[ 14625.221] (II) event2  - Power Button: device is a keyboard
[ 14625.221] (II) config/udev: removing device Power Button
[ 14625.221] (**) Option "fd" "28"
[ 14625.221] (II) event1  - Power Button: device removed
[ 14625.221] (II) UnloadModule: "libinput"
[ 14625.221] (II) systemd-logind: releasing fd for 13:65
[ 14625.246] (II) config/udev: Adding input device Power Button (/dev/input/event1)
[ 14625.246] (**) Power Button: Applying InputClass "libinput keyboard catchall"
[ 14625.246] (II) Using input driver 'libinput' for 'Power Button'
[ 14625.246] (II) systemd-logind: got fd for /dev/input/event1 13:65 fd 28 paused 0
[ 14625.246] (**) Power Button: always reports core events
[ 14625.247] (**) Option "Device" "/dev/input/event1"
[ 14625.247] (II) event1  - Power Button: is tagged by udev as: Keyboard
[ 14625.247] (II) event1  - Power Button: device is a keyboard
[ 14625.247] (II) event1  - Power Button: device removed
[ 14625.247] (**) Option "config_info" "udev:/sys/devices/LNXSYSTM:00/LNXSYBUS:00/PNP0C0C:00/input/input1/event1"
[ 14625.247] (II) XINPUT: Adding extended input device "Power Button" (type: KEYBOARD, id 7)
[ 14625.248] (II) event1  - Power Button: is tagged by udev as: Keyboard
[ 14625.248] (II) event1  - Power Button: device is a keyboard
[ 14625.248] (II) config/udev: removing device Sleep Button
[ 14625.248] (**) Option "fd" "29"
[ 14625.248] (II) event0  - Sleep Button: device removed
[ 14625.248] (II) UnloadModule: "libinput"
[ 14625.248] (II) systemd-logind: releasing fd for 13:64
[ 14625.273] (II) config/udev: Adding input device Sleep Button (/dev/input/event0)
[ 14625.273] (**) Sleep Button: Applying InputClass "libinput keyboard catchall"
[ 14625.273] (II) Using input driver 'libinput' for 'Sleep Button'
[ 14625.273] (II) systemd-logind: got fd for /dev/input/event0 13:64 fd 29 paused 0
[ 14625.273] (**) Sleep Button: always reports core events
[ 14625.273] (**) Option "Device" "/dev/input/event0"
[ 14625.274] (II) event0  - Sleep Button: is tagged by udev as: Keyboard
[ 14625.274] (II) event0  - Sleep Button: device is a keyboard
[ 14625.274] (II) event0  - Sleep Button: device removed
[ 14625.274] (**) Option "config_info" "udev:/sys/devices/LNXSYSTM:00/LNXSYBUS:00/PNP0C0E:00/input/input0/event0"
[ 14625.274] (II) XINPUT: Adding extended input device "Sleep Button" (type: KEYBOARD, id 8)
[ 14625.274] (II) event0  - Sleep Button: is tagged by udev as: Keyboard
[ 14625.274] (II) event0  - Sleep Button: device is a keyboard
[ 14625.275] (II) config/udev: removing device Logitech USB Keyboard
[ 14625.275] (**) Option "fd" "30"
[ 14625.275] (II) event3  - Logitech USB Keyboard: device removed
[ 14625.275] (II) UnloadModule: "libinput"
[ 14625.275] (II) systemd-logind: releasing fd for 13:67
[ 14625.309] (II) config/udev: Adding input device Logitech USB Keyboard (/dev/input/event3)
[ 14625.310] (**) Logitech USB Keyboard: Applying InputClass "libinput keyboard catchall"
[ 14625.310] (II) Using input driver 'libinput' for 'Logitech USB Keyboard'
[ 14625.310] (II) systemd-logind: got fd for /dev/input/event3 13:67 fd 30 paused 0
[ 14625.310] (**) Logitech USB Keyboard: always reports core events
[ 14625.310] (**) Option "Device" "/dev/input/event3"
[ 14625.311] (II) event3  - Logitech USB Keyboard: is tagged by udev as: Keyboard
[ 14625.311] (II) event3  - Logitech USB Keyboard: device is a keyboard
[ 14625.311] (II) event3  - Logitech USB Keyboard: device removed
[ 14625.311] (**) Option "config_info" "udev:/sys/devices/pci0000:00/0000:00:14.0/usb1/1-3/1-3:1.0/0003:046D:C31C.0001/input/input3/event3"
[ 14625.311] (II) XINPUT: Adding extended input device "Logitech USB Keyboard" (type: KEYBOARD, id 9)
[ 14625.312] (II) event3  - Logitech USB Keyboard: is tagged by udev as: Keyboard
[ 14625.312] (II) event3  - Logitech USB Keyboard: device is a keyboard
[ 14625.312] (II) config/udev: removing device USB OPTICAL MOUSE 
[ 14625.312] (**) Option "fd" "32"
[ 14625.312] (II) event5  - USB OPTICAL MOUSE : device removed
[ 14625.312] (II) UnloadModule: "libinput"
[ 14625.312] (II) systemd-logind: releasing fd for 13:69
[ 14625.349] (II) config/udev: Adding input device USB OPTICAL MOUSE  (/dev/input/event5)
[ 14625.349] (**) USB OPTICAL MOUSE : Applying InputClass "libinput pointer catchall"
[ 14625.349] (II) Using input driver 'libinput' for 'USB OPTICAL MOUSE '
[ 14625.409] (II) systemd-logind: got fd for /dev/input/event5 13:69 fd 32 paused 0
[ 14625.409] (**) USB OPTICAL MOUSE : always reports core events
[ 14625.409] (**) Option "Device" "/dev/input/event5"
[ 14625.410] (II) event5  - USB OPTICAL MOUSE : is tagged by udev as: Mouse
[ 14625.410] (II) event5  - USB OPTICAL MOUSE : device is a pointer
[ 14625.410] (II) event5  - USB OPTICAL MOUSE : device removed
[ 14625.410] (**) Option "config_info" "udev:/sys/devices/pci0000:00/0000:00:14.0/usb1/1-4/1-4:1.0/0003:4E53:5407.0003/input/input5/event5"
[ 14625.410] (II) XINPUT: Adding extended input device "USB OPTICAL MOUSE " (type: MOUSE, id 11)
[ 14625.411] (**) Option "AccelerationScheme" "none"
[ 14625.411] (**) USB OPTICAL MOUSE : (accel) selected scheme none/0
[ 14625.411] (**) USB OPTICAL MOUSE : (accel) acceleration factor: 2.000
[ 14625.411] (**) USB OPTICAL MOUSE : (accel) acceleration threshold: 4
[ 14625.411] (II) event5  - USB OPTICAL MOUSE : is tagged by udev as: Mouse
[ 14625.411] (II) event5  - USB OPTICAL MOUSE : device is a pointer
[ 14625.412] (II) config/udev: removing device Logitech USB Keyboard
[ 14625.412] (**) Option "fd" "31"
[ 14625.412] (II) UnloadModule: "libinput"
[ 14625.412] (II) systemd-logind: not releasing fd for 13:68, still in use
[ 14625.412] (II) config/udev: removing device Logitech USB Keyboard
[ 14625.412] (**) Option "fd" "31"
[ 14625.412] (II) event4  - Logitech USB Keyboard: device removed
[ 14625.412] (II) UnloadModule: "libinput"
[ 14625.412] (II) systemd-logind: releasing fd for 13:68
[ 14625.443] (II) config/udev: Adding input device Logitech USB Keyboard (/dev/input/event4)
[ 14625.443] (**) Logitech USB Keyboard: Applying InputClass "libinput keyboard catchall"
[ 14625.443] (II) Using input driver 'libinput' for 'Logitech USB Keyboard'
[ 14625.443] (II) systemd-logind: got fd for /dev/input/event4 13:68 fd 31 paused 0
[ 14625.443] (**) Logitech USB Keyboard: always reports core events
[ 14625.443] (**) Option "Device" "/dev/input/event4"
[ 14625.444] (II) event4  - Logitech USB Keyboard: is tagged by udev as: Keyboard
[ 14625.444] (II) event4  - Logitech USB Keyboard: device is a keyboard
[ 14625.444] (II) event4  - Logitech USB Keyboard: device removed
[ 14625.444] (II) libinput: Logitech USB Keyboard: needs a virtual subdevice
[ 14625.444] (**) Option "config_info" "udev:/sys/devices/pci0000:00/0000:00:14.0/usb1/1-3/1-3:1.1/0003:046D:C31C.0002/input/input4/event4"
[ 14625.444] (II) XINPUT: Adding extended input device "Logitech USB Keyboard" (type: MOUSE, id 10)
[ 14625.444] (**) Option "AccelerationScheme" "none"
[ 14625.444] (**) Logitech USB Keyboard: (accel) selected scheme none/0
[ 14625.444] (**) Logitech USB Keyboard: (accel) acceleration factor: 2.000
[ 14625.444] (**) Logitech USB Keyboard: (accel) acceleration threshold: 4
[ 14625.445] (II) event4  - Logitech USB Keyboard: is tagged by udev as: Keyboard
[ 14625.445] (II) event4  - Logitech USB Keyboard: device is a keyboard
[ 14625.445] (**) Logitech USB Keyboard: Applying InputClass "libinput keyboard catchall"
[ 14625.445] (II) Using input driver 'libinput' for 'Logitech USB Keyboard'
[ 14625.445] (II) systemd-logind: returning pre-existing fd for /dev/input/event4 13:68
[ 14625.445] (**) Logitech USB Keyboard: always reports core events
[ 14625.445] (**) Option "Device" "/dev/input/event4"
[ 14625.445] (II) libinput: Logitech USB Keyboard: is a virtual subdevice
[ 14625.445] (**) Option "config_info" "udev:/sys/devices/pci0000:00/0000:00:14.0/usb1/1-3/1-3:1.1/0003:046D:C31C.0002/input/input4/event4"
[ 14625.445] (II) XINPUT: Adding extended input device "Logitech USB Keyboard" (type: KEYBOARD, id 14)
[ 14625.445] (II) config/udev: removing device USB OPTICAL MOUSE  Keyboard
[ 14625.446] (**) Option "fd" "33"
[ 14625.446] (II) UnloadModule: "libinput"
[ 14625.446] (II) systemd-logind: not releasing fd for 13:70, still in use
[ 14625.446] (II) config/udev: removing device USB OPTICAL MOUSE  Keyboard
[ 14625.446] (**) Option "fd" "33"
[ 14625.446] (II) event6  - USB OPTICAL MOUSE  Keyboard: device removed
[ 14625.446] (II) UnloadModule: "libinput"
[ 14625.446] (II) systemd-logind: releasing fd for 13:70
[ 14625.476] (II) config/udev: Adding input device USB OPTICAL MOUSE  Keyboard (/dev/input/event6)
[ 14625.476] (**) USB OPTICAL MOUSE  Keyboard: Applying InputClass "libinput keyboard catchall"
[ 14625.476] (II) Using input driver 'libinput' for 'USB OPTICAL MOUSE  Keyboard'
[ 14625.477] (II) systemd-logind: got fd for /dev/input/event6 13:70 fd 33 paused 0
[ 14625.477] (**) USB OPTICAL MOUSE  Keyboard: always reports core events
[ 14625.477] (**) Option "Device" "/dev/input/event6"
[ 14625.478] (II) event6  - USB OPTICAL MOUSE  Keyboard: is tagged by udev as: Keyboard
[ 14625.478] (II) event6  - USB OPTICAL MOUSE  Keyboard: device is a keyboard
[ 14625.478] (II) event6  - USB OPTICAL MOUSE  Keyboard: device removed
[ 14625.478] (II) libinput: USB OPTICAL MOUSE  Keyboard: needs a virtual subdevice
[ 14625.478] (**) Option "config_info" "udev:/sys/devices/pci0000:00/0000:00:14.0/usb1/1-4/1-4:1.1/0003:4E53:5407.0004/input/input6/event6"
[ 14625.478] (II) XINPUT: Adding extended input device "USB OPTICAL MOUSE  Keyboard" (type: MOUSE, id 12)
[ 14625.478] (**) Option "AccelerationScheme" "none"
[ 14625.478] (**) USB OPTICAL MOUSE  Keyboard: (accel) selected scheme none/0
[ 14625.478] (**) USB OPTICAL MOUSE  Keyboard: (accel) acceleration factor: 2.000
[ 14625.478] (**) USB OPTICAL MOUSE  Keyboard: (accel) acceleration threshold: 4
[ 14625.478] (II) event6  - USB OPTICAL MOUSE  Keyboard: is tagged by udev as: Keyboard
[ 14625.479] (II) event6  - USB OPTICAL MOUSE  Keyboard: device is a keyboard
[ 14625.479] (**) USB OPTICAL MOUSE  Keyboard: Applying InputClass "libinput keyboard catchall"
[ 14625.479] (II) Using input driver 'libinput' for 'USB OPTICAL MOUSE  Keyboard'
[ 14625.479] (II) systemd-logind: returning pre-existing fd for /dev/input/event6 13:70
[ 14625.479] (**) USB OPTICAL MOUSE  Keyboard: always reports core events
[ 14625.479] (**) Option "Device" "/dev/input/event6"
[ 14625.479] (II) libinput: USB OPTICAL MOUSE  Keyboard: is a virtual subdevice
[ 14625.479] (**) Option "config_info" "udev:/sys/devices/pci0000:00/0000:00:14.0/usb1/1-4/1-4:1.1/0003:4E53:5407.0004/input/input6/event6"
[ 14625.479] (II) XINPUT: Adding extended input device "USB OPTICAL MOUSE  Keyboard" (type: KEYBOARD, id 15)
[ 14625.479] (II) config/udev: Adding input device HDA Intel PCH Line (/dev/input/event15)
[ 14625.479] (II) No input driver specified, ignoring this device.
[ 14625.479] (II) This device may have been added with another device file.
[ 14625.479] (II) config/udev: Adding input device HDA Intel PCH Line Out (/dev/input/event16)
[ 14625.479] (II) No input driver specified, ignoring this device.
[ 14625.479] (II) This device may have been added with another device file.
[ 14625.480] (II) config/udev: Adding input device HDA NVidia HDMI/DP,pcm=3 (/dev/input/event9)
[ 14625.480] (II) No input driver specified, ignoring this device.
[ 14625.480] (II) This device may have been added with another device file.
[ 14625.480] (II) config/udev: Adding input device HDA Intel PCH Front Headphone (/dev/input/event17)
[ 14625.480] (II) No input driver specified, ignoring this device.
[ 14625.480] (II) This device may have been added with another device file.
[ 14625.480] (II) config/udev: Adding input device HDA NVidia HDMI/DP,pcm=8 (/dev/input/event11)
[ 14625.480] (II) No input driver specified, ignoring this device.
[ 14625.480] (II) This device may have been added with another device file.
[ 14625.480] (II) config/udev: Adding input device HDA NVidia HDMI/DP,pcm=7 (/dev/input/event10)
[ 14625.480] (II) No input driver specified, ignoring this device.
[ 14625.480] (II) This device may have been added with another device file.
[ 14625.480] (II) config/udev: Adding input device HDA NVidia HDMI/DP,pcm=9 (/dev/input/event12)
[ 14625.480] (II) No input driver specified, ignoring this device.
[ 14625.480] (II) This device may have been added with another device file.
[ 14625.480] (II) config/udev: Adding input device HDA Intel PCH Rear Mic (/dev/input/event14)
[ 14625.480] (II) No input driver specified, ignoring this device.
[ 14625.480] (II) This device may have been added with another device file.
[ 14625.481] (II) config/udev: Adding input device HDA Intel PCH Front Mic (/dev/input/event13)
[ 14625.481] (II) No input driver specified, ignoring this device.
[ 14625.481] (II) This device may have been added with another device file.
[ 14625.481] (II) config/udev: Adding input device PC Speaker (/dev/input/event7)
[ 14625.481] (II) No input driver specified, ignoring this device.
[ 14625.481] (II) This device may have been added with another device file.
[ 14625.481] (II) config/udev: removing device Eee PC WMI hotkeys
[ 14625.481] (**) Option "fd" "34"
[ 14625.481] (II) event8  - Eee PC WMI hotkeys: device removed
[ 14625.481] (II) UnloadModule: "libinput"
[ 14625.481] (II) systemd-logind: releasing fd for 13:72
[ 14625.519] (II) config/udev: Adding input device Eee PC WMI hotkeys (/dev/input/event8)
[ 14625.519] (**) Eee PC WMI hotkeys: Applying InputClass "libinput keyboard catchall"
[ 14625.519] (II) Using input driver 'libinput' for 'Eee PC WMI hotkeys'
[ 14625.520] (II) systemd-logind: got fd for /dev/input/event8 13:72 fd 34 paused 0
[ 14625.520] (**) Eee PC WMI hotkeys: always reports core events
[ 14625.520] (**) Option "Device" "/dev/input/event8"
[ 14625.520] (II) event8  - Eee PC WMI hotkeys: is tagged by udev as: Keyboard
[ 14625.520] (II) event8  - Eee PC WMI hotkeys: device is a keyboard
[ 14625.520] (II) event8  - Eee PC WMI hotkeys: device removed
[ 14625.520] (**) Option "config_info" "udev:/sys/devices/platform/eeepc-wmi/input/input9/event8"
[ 14625.520] (II) XINPUT: Adding extended input device "Eee PC WMI hotkeys" (type: KEYBOARD, id 13)
[ 14625.521] (II) event8  - Eee PC WMI hotkeys: is tagged by udev as: Keyboard
[ 14625.521] (II) event8  - Eee PC WMI hotkeys: device is a keyboard
[ 38528.177] (**) Option "fd" "41"
[ 38528.177] (II) event2  - Power Button: device removed
[ 38528.177] (**) Option "fd" "28"
[ 38528.177] (II) event1  - Power Button: device removed
[ 38528.177] (**) Option "fd" "29"
[ 38528.177] (II) event0  - Sleep Button: device removed
[ 38528.177] (**) Option "fd" "30"
[ 38528.177] (II) event3  - Logitech USB Keyboard: device removed
[ 38528.177] (**) Option "fd" "32"
[ 38528.177] (II) event5  - USB OPTICAL MOUSE : device removed
[ 38528.177] (**) Option "fd" "31"
[ 38528.177] (**) Option "fd" "31"
[ 38528.177] (II) event4  - Logitech USB Keyboard: device removed
[ 38528.177] (**) Option "fd" "33"
[ 38528.177] (**) Option "fd" "33"
[ 38528.177] (II) event6  - USB OPTICAL MOUSE  Keyboard: device removed
[ 38528.177] (**) Option "fd" "34"
[ 38528.177] (II) event8  - Eee PC WMI hotkeys: device removed
[ 38528.177] (II) UnloadModule: "libinput"
[ 38528.177] (II) systemd-logind: releasing fd for 13:72
[ 38528.178] (II) UnloadModule: "libinput"
[ 38528.178] (II) systemd-logind: not releasing fd for 13:70, still in use
[ 38528.178] (II) UnloadModule: "libinput"
[ 38528.178] (II) systemd-logind: releasing fd for 13:70
[ 38528.178] (II) UnloadModule: "libinput"
[ 38528.178] (II) systemd-logind: not releasing fd for 13:68, still in use
[ 38528.178] (II) UnloadModule: "libinput"
[ 38528.178] (II) systemd-logind: releasing fd for 13:68
[ 38528.179] (II) UnloadModule: "libinput"
[ 38528.179] (II) systemd-logind: releasing fd for 13:69
[ 38528.179] (II) UnloadModule: "libinput"
[ 38528.179] (II) systemd-logind: releasing fd for 13:67
[ 38528.179] (II) UnloadModule: "libinput"
[ 38528.179] (II) systemd-logind: releasing fd for 13:64
[ 38528.179] (II) UnloadModule: "libinput"
[ 38528.179] (II) systemd-logind: releasing fd for 13:65
[ 38528.180] (II) UnloadModule: "libinput"
[ 38528.180] (II) systemd-logind: releasing fd for 13:66
[ 38528.193] (WW) xf86CloseConsole: KDSETMODE failed: Input/output error
[ 38528.193] (WW) xf86CloseConsole: VT_GETMODE failed: Input/output error
[ 38528.193] (WW) xf86OpenConsole: VT_GETSTATE failed: Input/output error
[ 38528.789] (II) Server terminated successfully (0). Closing log file.
