[ 21509.890] 
X.Org X Server 1.21.1.7
X Protocol Version 11, Revision 0
[ 21509.890] Current Operating System: Linux anton 6.2.8-arch1-1 #1 SMP PREEMPT_DYNAMIC Wed, 22 Mar 2023 22:52:35 +0000 x86_64
[ 21509.890] Kernel command line: BOOT_IMAGE=/boot/vmlinuz-linux root=UUID=5c93e9de-eabb-4e11-82a5-e0f14fe512e5 rw loglevel=3 quiet
[ 21509.890]  
[ 21509.890] Current version of pixman: 0.42.2
[ 21509.890] 	Before reporting problems, check http://wiki.x.org
	to make sure that you have the latest version.
[ 21509.890] Markers: (--) probed, (**) from config file, (==) default setting,
	(++) from command line, (!!) notice, (II) informational,
	(WW) warning, (EE) error, (NI) not implemented, (??) unknown.
[ 21509.891] (==) Log file: "/home/anton/.local/share/xorg/Xorg.1.log", Time: Wed Mar 29 11:10:36 2023
[ 21509.891] (==) Using system config directory "/usr/share/X11/xorg.conf.d"
[ 21509.891] (==) No Layout section.  Using the first Screen section.
[ 21509.891] (==) No screen section available. Using defaults.
[ 21509.891] (**) |-->Screen "Default Screen Section" (0)
[ 21509.891] (**) |   |-->Monitor "<default monitor>"
[ 21509.891] (==) No monitor specified for screen "Default Screen Section".
	Using a default monitor configuration.
[ 21509.891] (==) Automatically adding devices
[ 21509.891] (==) Automatically enabling devices
[ 21509.891] (==) Automatically adding GPU devices
[ 21509.891] (==) Automatically binding GPU devices
[ 21509.891] (==) Max clients allowed: 256, resource mask: 0x1fffff
[ 21509.891] (WW) The directory "/usr/share/fonts/misc" does not exist.
[ 21509.891] 	Entry deleted from font path.
[ 21509.891] (WW) The directory "/usr/share/fonts/OTF" does not exist.
[ 21509.891] 	Entry deleted from font path.
[ 21509.891] (WW) The directory "/usr/share/fonts/Type1" does not exist.
[ 21509.891] 	Entry deleted from font path.
[ 21509.891] (==) FontPath set to:
	/usr/share/fonts/TTF,
	/usr/share/fonts/100dpi,
	/usr/share/fonts/75dpi
[ 21509.891] (==) ModulePath set to "/usr/lib/xorg/modules"
[ 21509.891] (II) The server relies on udev to provide the list of input devices.
	If no devices become available, reconfigure udev or disable AutoAddDevices.
[ 21509.891] (II) Module ABI versions:
[ 21509.891] 	X.Org ANSI C Emulation: 0.4
[ 21509.891] 	X.Org Video Driver: 25.2
[ 21509.891] 	X.Org XInput driver : 24.4
[ 21509.891] 	X.Org Server Extension : 10.0
[ 21509.891] (++) using VT number 2

[ 21509.892] (II) systemd-logind: took control of session /org/freedesktop/login1/session/_315
[ 21509.892] (II) xfree86: Adding drm device (/dev/dri/card0)
[ 21509.892] (II) Platform probe for /sys/devices/pci0000:00/0000:00:01.0/0000:01:00.0/drm/card0
[ 21509.893] (II) systemd-logind: got fd for /dev/dri/card0 226:0 fd 13 paused 0
[ 21509.893] (--) PCI:*(1@0:0:0) 10de:1c82:1043:85d4 rev 161, Mem @ 0xa0000000/16777216, 0x4000000000/268435456, 0x4010000000/33554432, I/O @ 0x00004000/128, BIOS @ 0x????????/131072
[ 21509.893] (WW) Open ACPI failed (/var/run/acpid.socket) (No such file or directory)
[ 21509.893] (II) LoadModule: "glx"
[ 21509.894] (II) Loading /usr/lib/xorg/modules/extensions/libglx.so
[ 21509.894] (II) Module glx: vendor="X.Org Foundation"
[ 21509.894] 	compiled for 1.21.1.7, module version = 1.0.0
[ 21509.894] 	ABI class: X.Org Server Extension, version 10.0
[ 21509.894] (==) Matched nouveau as autoconfigured driver 0
[ 21509.894] (==) Matched nv as autoconfigured driver 1
[ 21509.894] (==) Matched modesetting as autoconfigured driver 2
[ 21509.894] (==) Matched fbdev as autoconfigured driver 3
[ 21509.894] (==) Matched vesa as autoconfigured driver 4
[ 21509.894] (==) Assigned the driver to the xf86ConfigLayout
[ 21509.894] (II) LoadModule: "nouveau"
[ 21509.894] (WW) Warning, couldn't open module nouveau
[ 21509.894] (EE) Failed to load module "nouveau" (module does not exist, 0)
[ 21509.894] (II) LoadModule: "nv"
[ 21509.895] (WW) Warning, couldn't open module nv
[ 21509.895] (EE) Failed to load module "nv" (module does not exist, 0)
[ 21509.895] (II) LoadModule: "modesetting"
[ 21509.895] (II) Loading /usr/lib/xorg/modules/drivers/modesetting_drv.so
[ 21509.895] (II) Module modesetting: vendor="X.Org Foundation"
[ 21509.895] 	compiled for 1.21.1.7, module version = 1.21.1
[ 21509.895] 	Module class: X.Org Video Driver
[ 21509.895] 	ABI class: X.Org Video Driver, version 25.2
[ 21509.895] (II) LoadModule: "fbdev"
[ 21509.895] (WW) Warning, couldn't open module fbdev
[ 21509.895] (EE) Failed to load module "fbdev" (module does not exist, 0)
[ 21509.895] (II) LoadModule: "vesa"
[ 21509.895] (II) Loading /usr/lib/xorg/modules/drivers/vesa_drv.so
[ 21509.895] (II) Module vesa: vendor="X.Org Foundation"
[ 21509.895] 	compiled for 1.21.1.4, module version = 2.6.0
[ 21509.895] 	Module class: X.Org Video Driver
[ 21509.895] 	ABI class: X.Org Video Driver, version 25.2
[ 21509.895] (II) modesetting: Driver for Modesetting Kernel Drivers: kms
[ 21509.895] (II) VESA: driver for VESA chipsets: vesa
[ 21509.895] xf86EnableIO: failed to enable I/O ports 0000-03ff (Operation not permitted)
[ 21509.895] (II) modeset(0): using drv /dev/dri/card0
[ 21509.895] (WW) VGA arbiter: cannot open kernel arbiter, no multi-card support
[ 21509.895] (II) modeset(0): Creating default Display subsection in Screen section
	"Default Screen Section" for depth/fbbpp 24/32
[ 21509.895] (==) modeset(0): Depth 24, (==) framebuffer bpp 32
[ 21509.895] (==) modeset(0): RGB weight 888
[ 21509.895] (==) modeset(0): Default visual is TrueColor
[ 21509.895] (II) Loading sub module "glamoregl"
[ 21509.895] (II) LoadModule: "glamoregl"
[ 21509.895] (II) Loading /usr/lib/xorg/modules/libglamoregl.so
[ 21509.897] (II) Module glamoregl: vendor="X.Org Foundation"
[ 21509.897] 	compiled for 1.21.1.7, module version = 1.0.1
[ 21509.897] 	ABI class: X.Org ANSI C Emulation, version 0.4
[ 21511.133] (II) modeset(0): glamor X acceleration enabled on NV137
[ 21511.133] (II) modeset(0): glamor initialized
[ 21511.133] (==) modeset(0): VariableRefresh: disabled
[ 21511.133] (==) modeset(0): AsyncFlipSecondaries: disabled
[ 21511.135] (II) modeset(0): Output DVI-D-1 has no monitor section
[ 21511.198] (II) modeset(0): Output HDMI-1 has no monitor section
[ 21511.248] (II) modeset(0): Output DP-1 has no monitor section
[ 21511.251] (II) modeset(0): EDID for output DVI-D-1
[ 21511.314] (II) modeset(0): EDID for output HDMI-1
[ 21511.314] (II) modeset(0): Manufacturer: SGT  Model: 1900  Serial#: 6666
[ 21511.314] (II) modeset(0): Year: 2021  Week: 16
[ 21511.314] (II) modeset(0): EDID Version: 1.3
[ 21511.314] (II) modeset(0): Digital Display Input
[ 21511.314] (II) modeset(0): Max Image Size [cm]: horiz.: 43  vert.: 22
[ 21511.314] (II) modeset(0): Gamma: 2.20
[ 21511.314] (II) modeset(0): DPMS capabilities: StandBy Suspend Off
[ 21511.314] (II) modeset(0): Supported color encodings: RGB 4:4:4 YCrCb 4:4:4 
[ 21511.314] (II) modeset(0): First detailed timing is preferred mode
[ 21511.314] (II) modeset(0): redX: 0.647 redY: 0.325   greenX: 0.222 greenY: 0.681
[ 21511.314] (II) modeset(0): blueX: 0.146 blueY: 0.054   whiteX: 0.310 whiteY: 0.325
[ 21511.314] (II) modeset(0): Supported established timings:
[ 21511.314] (II) modeset(0): 640x480@60Hz
[ 21511.314] (II) modeset(0): 800x600@60Hz
[ 21511.314] (II) modeset(0): 1024x768@60Hz
[ 21511.314] (II) modeset(0): Manufacturer's mask: 0
[ 21511.314] (II) modeset(0): Supported standard timings:
[ 21511.314] (II) modeset(0): #0: hsize: 1280  vsize 800  refresh: 60  vid: 129
[ 21511.314] (II) modeset(0): #1: hsize: 1280  vsize 960  refresh: 60  vid: 16513
[ 21511.314] (II) modeset(0): #2: hsize: 1400  vsize 1050  refresh: 60  vid: 16528
[ 21511.314] (II) modeset(0): #3: hsize: 1024  vsize 768  refresh: 60  vid: 16481
[ 21511.314] (II) modeset(0): #4: hsize: 1280  vsize 1024  refresh: 60  vid: 32897
[ 21511.314] (II) modeset(0): #5: hsize: 1280  vsize 720  refresh: 60  vid: 49281
[ 21511.314] (II) modeset(0): #6: hsize: 1440  vsize 900  refresh: 60  vid: 149
[ 21511.314] (II) modeset(0): #7: hsize: 800  vsize 600  refresh: 60  vid: 16453
[ 21511.314] (II) modeset(0): Supported detailed timing:
[ 21511.314] (II) modeset(0): clock: 106.5 MHz   Image Size:  408 x 255 mm
[ 21511.314] (II) modeset(0): h_active: 1440  h_sync: 1520  h_sync_end 1672 h_blank_end 1904 h_border: 0
[ 21511.314] (II) modeset(0): v_active: 900  v_sync: 903  v_sync_end 909 v_blanking: 934 v_border: 0
[ 21511.314] (II) modeset(0): Supported detailed timing:
[ 21511.314] (II) modeset(0): clock: 79.5 MHz   Image Size:  400 x 270 mm
[ 21511.314] (II) modeset(0): h_active: 1280  h_sync: 1344  h_sync_end 1472 h_blank_end 1664 h_border: 0
[ 21511.314] (II) modeset(0): v_active: 768  v_sync: 771  v_sync_end 778 v_blanking: 798 v_border: 0
[ 21511.314] (II) modeset(0): Supported detailed timing:
[ 21511.314] (II) modeset(0): clock: 85.5 MHz   Image Size:  400 x 270 mm
[ 21511.314] (II) modeset(0): h_active: 1366  h_sync: 1436  h_sync_end 1579 h_blank_end 1792 h_border: 0
[ 21511.314] (II) modeset(0): v_active: 768  v_sync: 771  v_sync_end 774 v_blanking: 798 v_border: 0
[ 21511.314] (II) modeset(0): Monitor name: 
[ 21511.314] (II) modeset(0): EDID (in hex):
[ 21511.314] (II) modeset(0): 	00ffffffffffff004cf400190a1a0000
[ 21511.314] (II) modeset(0): 	101f0103802b1678eadd75a55338ae25
[ 21511.314] (II) modeset(0): 	0d4f5321080081008140904061408180
[ 21511.314] (II) modeset(0): 	81c0950045409a29a0d0518422305098
[ 21511.314] (II) modeset(0): 	360098ff1000001c0e1f008051001e30
[ 21511.314] (II) modeset(0): 	40803700900e1100001e662156aa5100
[ 21511.314] (II) modeset(0): 	1e30468f3300900e1100001e000000fc
[ 21511.314] (II) modeset(0): 	000a202020202020202020202020002b
[ 21511.314] (II) modeset(0): Printing probed modes for output HDMI-1
[ 21511.314] (II) modeset(0): Modeline "1440x900"x59.9  106.50  1440 1520 1672 1904  900 903 909 934 -hsync +vsync (55.9 kHz eP)
[ 21511.314] (II) modeset(0): Modeline "1400x1050"x60.0  122.00  1400 1488 1640 1880  1050 1052 1064 1082 +hsync +vsync (64.9 kHz d)
[ 21511.314] (II) modeset(0): Modeline "1400x1050"x59.9  101.00  1400 1448 1480 1560  1050 1053 1057 1080 +hsync -vsync (64.7 kHz e)
[ 21511.314] (II) modeset(0): Modeline "1280x1024"x60.0  108.00  1280 1328 1440 1688  1024 1025 1028 1066 +hsync +vsync (64.0 kHz e)
[ 21511.314] (II) modeset(0): Modeline "1400x900"x60.0  103.50  1400 1480 1624 1848  900 903 913 934 -hsync +vsync (56.0 kHz d)
[ 21511.314] (II) modeset(0): Modeline "1400x900"x59.9   86.50  1400 1448 1480 1560  900 903 913 926 +hsync -vsync (55.4 kHz d)
[ 21511.314] (II) modeset(0): Modeline "1280x960"x60.0  108.00  1280 1376 1488 1800  960 961 964 1000 +hsync +vsync (60.0 kHz e)
[ 21511.314] (II) modeset(0): Modeline "1440x810"x120.0  198.12  1440 1548 1704 1968  810 811 814 839 doublescan -hsync +vsync (100.7 kHz d)
[ 21511.314] (II) modeset(0): Modeline "1440x810"x119.9  151.88  1440 1464 1480 1520  810 811 814 833 doublescan +hsync -vsync (99.9 kHz d)
[ 21511.314] (II) modeset(0): Modeline "1368x768"x59.9   85.25  1368 1440 1576 1784  768 771 781 798 -hsync +vsync (47.8 kHz d)
[ 21511.314] (II) modeset(0): Modeline "1368x768"x59.9   72.25  1368 1416 1448 1528  768 771 781 790 +hsync -vsync (47.3 kHz d)
[ 21511.314] (II) modeset(0): Modeline "1366x768"x59.8   85.50  1366 1436 1579 1792  768 771 774 798 +hsync +vsync (47.7 kHz e)
[ 21511.314] (II) modeset(0): Modeline "1280x800"x120.0  174.25  1280 1380 1516 1752  800 801 804 829 doublescan -hsync +vsync (99.5 kHz d)
[ 21511.314] (II) modeset(0): Modeline "1280x800"x119.9  134.25  1280 1304 1320 1360  800 801 804 823 doublescan +hsync -vsync (98.7 kHz d)
[ 21511.314] (II) modeset(0): Modeline "1280x800"x59.8   83.50  1280 1352 1480 1680  800 803 809 831 -hsync +vsync (49.7 kHz d)
[ 21511.314] (II) modeset(0): Modeline "1280x800"x59.9   71.00  1280 1328 1360 1440  800 803 809 823 +hsync -vsync (49.3 kHz e)
[ 21511.314] (II) modeset(0): Modeline "1280x768"x59.9   79.50  1280 1344 1472 1664  768 771 778 798 +hsync +vsync (47.8 kHz e)
[ 21511.314] (II) modeset(0): Modeline "1280x720"x120.0  156.12  1280 1376 1512 1744  720 721 724 746 doublescan -hsync +vsync (89.5 kHz d)
[ 21511.314] (II) modeset(0): Modeline "1280x720"x120.0  120.75  1280 1304 1320 1360  720 721 724 740 doublescan +hsync -vsync (88.8 kHz d)
[ 21511.314] (II) modeset(0): Modeline "1280x720"x59.9   74.50  1280 1344 1472 1664  720 723 728 748 -hsync +vsync (44.8 kHz d)
[ 21511.314] (II) modeset(0): Modeline "1280x720"x60.0   74.25  1280 1390 1430 1650  720 725 730 750 +hsync +vsync (45.0 kHz e)
[ 21511.314] (II) modeset(0): Modeline "1280x720"x59.7   63.75  1280 1328 1360 1440  720 723 728 741 +hsync -vsync (44.3 kHz d)
[ 21511.314] (II) modeset(0): Modeline "1024x768"x120.1  133.47  1024 1100 1212 1400  768 768 770 794 doublescan -hsync +vsync (95.3 kHz d)
[ 21511.314] (II) modeset(0): Modeline "1024x768"x60.0   65.00  1024 1048 1184 1344  768 771 777 806 -hsync -vsync (48.4 kHz e)
[ 21511.314] (II) modeset(0): Modeline "960x720"x120.0  117.00  960 1024 1128 1300  720 720 722 750 doublescan -hsync +vsync (90.0 kHz d)
[ 21511.314] (II) modeset(0): Modeline "928x696"x120.1  109.15  928 976 1088 1264  696 696 698 719 doublescan -hsync +vsync (86.4 kHz d)
[ 21511.314] (II) modeset(0): Modeline "896x672"x120.0  102.40  896 960 1060 1224  672 672 674 697 doublescan -hsync +vsync (83.7 kHz d)
[ 21511.314] (II) modeset(0): Modeline "1024x576"x119.9   98.50  1024 1092 1200 1376  576 577 580 597 doublescan -hsync +vsync (71.6 kHz d)
[ 21511.314] (II) modeset(0): Modeline "1024x576"x119.9   78.38  1024 1048 1064 1104  576 577 580 592 doublescan +hsync -vsync (71.0 kHz d)
[ 21511.314] (II) modeset(0): Modeline "1024x576"x59.9   46.50  1024 1064 1160 1296  576 579 584 599 -hsync +vsync (35.9 kHz d)
[ 21511.314] (II) modeset(0): Modeline "1024x576"x59.8   42.00  1024 1072 1104 1184  576 579 584 593 +hsync -vsync (35.5 kHz d)
[ 21511.314] (II) modeset(0): Modeline "960x600"x119.9   96.62  960 1028 1128 1296  600 601 604 622 doublescan -hsync +vsync (74.6 kHz d)
[ 21511.314] (II) modeset(0): Modeline "960x600"x120.0   77.00  960 984 1000 1040  600 601 604 617 doublescan +hsync -vsync (74.0 kHz d)
[ 21511.314] (II) modeset(0): Modeline "960x540"x119.9   86.50  960 1024 1124 1288  540 541 544 560 doublescan -hsync +vsync (67.2 kHz d)
[ 21511.314] (II) modeset(0): Modeline "960x540"x120.0   69.25  960 984 1000 1040  540 541 544 555 doublescan +hsync -vsync (66.6 kHz d)
[ 21511.314] (II) modeset(0): Modeline "960x540"x59.6   40.75  960 992 1088 1216  540 543 548 562 -hsync +vsync (33.5 kHz d)
[ 21511.314] (II) modeset(0): Modeline "960x540"x59.8   37.25  960 1008 1040 1120  540 543 548 556 +hsync -vsync (33.3 kHz d)
[ 21511.314] (II) modeset(0): Modeline "800x600"x120.0   81.00  800 832 928 1080  600 600 602 625 doublescan +hsync +vsync (75.0 kHz d)
[ 21511.314] (II) modeset(0): Modeline "800x600"x60.3   40.00  800 840 968 1056  600 601 605 628 +hsync +vsync (37.9 kHz e)
[ 21511.314] (II) modeset(0): Modeline "800x600"x56.2   36.00  800 824 896 1024  600 601 603 625 +hsync +vsync (35.2 kHz d)
[ 21511.314] (II) modeset(0): Modeline "840x525"x120.0   73.12  840 892 980 1120  525 526 529 544 doublescan -hsync +vsync (65.3 kHz d)
[ 21511.314] (II) modeset(0): Modeline "840x525"x119.8   59.50  840 864 880 920  525 526 529 540 doublescan +hsync -vsync (64.7 kHz d)
[ 21511.314] (II) modeset(0): Modeline "864x486"x59.9   32.50  864 888 968 1072  486 489 494 506 -hsync +vsync (30.3 kHz d)
[ 21511.314] (II) modeset(0): Modeline "864x486"x59.6   30.50  864 912 944 1024  486 489 494 500 +hsync -vsync (29.8 kHz d)
[ 21511.314] (II) modeset(0): Modeline "700x525"x120.0   61.00  700 744 820 940  525 526 532 541 doublescan +hsync +vsync (64.9 kHz d)
[ 21511.314] (II) modeset(0): Modeline "800x450"x119.9   59.12  800 848 928 1056  450 451 454 467 doublescan -hsync +vsync (56.0 kHz d)
[ 21511.314] (II) modeset(0): Modeline "800x450"x119.6   48.75  800 824 840 880  450 451 454 463 doublescan +hsync -vsync (55.4 kHz d)
[ 21511.314] (II) modeset(0): Modeline "640x512"x120.0   54.00  640 664 720 844  512 512 514 533 doublescan +hsync +vsync (64.0 kHz d)
[ 21511.314] (II) modeset(0): Modeline "700x450"x119.9   51.75  700 740 812 924  450 451 456 467 doublescan -hsync +vsync (56.0 kHz d)
[ 21511.314] (II) modeset(0): Modeline "700x450"x119.8   43.25  700 724 740 780  450 451 456 463 doublescan +hsync -vsync (55.4 kHz d)
[ 21511.314] (II) modeset(0): Modeline "640x480"x120.0   54.00  640 688 744 900  480 480 482 500 doublescan +hsync +vsync (60.0 kHz d)
[ 21511.314] (II) modeset(0): Modeline "640x480"x59.9   25.18  640 656 752 800  480 490 492 525 -hsync -vsync (31.5 kHz e)
[ 21511.314] (II) modeset(0): Modeline "720x405"x59.5   22.50  720 744 808 896  405 408 413 422 -hsync +vsync (25.1 kHz d)
[ 21511.314] (II) modeset(0): Modeline "720x405"x59.0   21.75  720 768 800 880  405 408 413 419 +hsync -vsync (24.7 kHz d)
[ 21511.314] (II) modeset(0): Modeline "684x384"x119.8   42.62  684 720 788 892  384 385 390 399 doublescan -hsync +vsync (47.8 kHz d)
[ 21511.314] (II) modeset(0): Modeline "684x384"x119.7   36.12  684 708 724 764  384 385 390 395 doublescan +hsync -vsync (47.3 kHz d)
[ 21511.314] (II) modeset(0): Modeline "640x400"x119.8   41.75  640 676 740 840  400 401 404 415 doublescan -hsync +vsync (49.7 kHz d)
[ 21511.314] (II) modeset(0): Modeline "640x400"x120.0   35.50  640 664 680 720  400 401 404 411 doublescan +hsync -vsync (49.3 kHz d)
[ 21511.314] (II) modeset(0): Modeline "640x360"x119.7   37.25  640 672 736 832  360 361 364 374 doublescan -hsync +vsync (44.8 kHz d)
[ 21511.314] (II) modeset(0): Modeline "640x360"x119.7   31.88  640 664 680 720  360 361 364 370 doublescan +hsync -vsync (44.3 kHz d)
[ 21511.314] (II) modeset(0): Modeline "640x360"x59.8   18.00  640 664 720 800  360 363 368 376 -hsync +vsync (22.5 kHz d)
[ 21511.314] (II) modeset(0): Modeline "640x360"x59.3   17.75  640 688 720 800  360 363 368 374 +hsync -vsync (22.2 kHz d)
[ 21511.314] (II) modeset(0): Modeline "512x384"x120.0   32.50  512 524 592 672  384 385 388 403 doublescan -hsync -vsync (48.4 kHz d)
[ 21511.314] (II) modeset(0): Modeline "512x288"x120.0   23.25  512 532 580 648  288 289 292 299 doublescan -hsync +vsync (35.9 kHz d)
[ 21511.314] (II) modeset(0): Modeline "512x288"x119.8   21.00  512 536 552 592  288 289 292 296 doublescan +hsync -vsync (35.5 kHz d)
[ 21511.314] (II) modeset(0): Modeline "480x270"x119.3   20.38  480 496 544 608  270 271 274 281 doublescan -hsync +vsync (33.5 kHz d)
[ 21511.314] (II) modeset(0): Modeline "480x270"x119.6   18.62  480 504 520 560  270 271 274 278 doublescan +hsync -vsync (33.3 kHz d)
[ 21511.314] (II) modeset(0): Modeline "400x300"x120.6   20.00  400 420 484 528  300 300 302 314 doublescan +hsync +vsync (37.9 kHz d)
[ 21511.314] (II) modeset(0): Modeline "400x300"x112.7   18.00  400 412 448 512  300 300 301 312 doublescan +hsync +vsync (35.2 kHz d)
[ 21511.314] (II) modeset(0): Modeline "432x243"x119.8   16.25  432 444 484 536  243 244 247 253 doublescan -hsync +vsync (30.3 kHz d)
[ 21511.314] (II) modeset(0): Modeline "432x243"x119.1   15.25  432 456 472 512  243 244 247 250 doublescan +hsync -vsync (29.8 kHz d)
[ 21511.314] (II) modeset(0): Modeline "320x240"x120.1   12.59  320 328 376 400  240 245 246 262 doublescan -hsync -vsync (31.5 kHz d)
[ 21511.314] (II) modeset(0): Modeline "360x202"x119.0   11.25  360 372 404 448  202 204 206 211 doublescan -hsync +vsync (25.1 kHz d)
[ 21511.314] (II) modeset(0): Modeline "360x202"x118.3   10.88  360 384 400 440  202 204 206 209 doublescan +hsync -vsync (24.7 kHz d)
[ 21511.314] (II) modeset(0): Modeline "320x180"x119.7    9.00  320 332 360 400  180 181 184 188 doublescan -hsync +vsync (22.5 kHz d)
[ 21511.314] (II) modeset(0): Modeline "320x180"x118.6    8.88  320 344 360 400  180 181 184 187 doublescan +hsync -vsync (22.2 kHz d)
[ 21511.365] (II) modeset(0): EDID for output DP-1
[ 21511.365] (II) modeset(0): Output DVI-D-1 disconnected
[ 21511.365] (II) modeset(0): Output HDMI-1 connected
[ 21511.365] (II) modeset(0): Output DP-1 disconnected
[ 21511.365] (II) modeset(0): Using exact sizes for initial modes
[ 21511.365] (II) modeset(0): Output HDMI-1 using initial mode 1440x900 +0+0
[ 21511.365] (==) modeset(0): Using gamma correction (1.0, 1.0, 1.0)
[ 21511.365] (==) modeset(0): DPI set to (96, 96)
[ 21511.365] (II) Loading sub module "fb"
[ 21511.365] (II) LoadModule: "fb"
[ 21511.365] (II) Module "fb" already built-in
[ 21511.365] (II) UnloadModule: "vesa"
[ 21511.365] (II) Unloading vesa
[ 21511.387] (==) modeset(0): Backing store enabled
[ 21511.387] (==) modeset(0): Silken mouse enabled
[ 21511.400] (II) modeset(0): Initializing kms color map for depth 24, 8 bpc.
[ 21511.400] (==) modeset(0): DPMS enabled
[ 21511.400] (II) modeset(0): [DRI2] Setup complete
[ 21511.400] (II) modeset(0): [DRI2]   DRI driver: nouveau
[ 21511.400] (II) modeset(0): [DRI2]   VDPAU driver: nouveau
[ 21511.400] (II) Initializing extension Generic Event Extension
[ 21511.400] (II) Initializing extension SHAPE
[ 21511.400] (II) Initializing extension MIT-SHM
[ 21511.400] (II) Initializing extension XInputExtension
[ 21511.400] (II) Initializing extension XTEST
[ 21511.400] (II) Initializing extension BIG-REQUESTS
[ 21511.401] (II) Initializing extension SYNC
[ 21511.401] (II) Initializing extension XKEYBOARD
[ 21511.401] (II) Initializing extension XC-MISC
[ 21511.401] (II) Initializing extension SECURITY
[ 21511.401] (II) Initializing extension XFIXES
[ 21511.401] (II) Initializing extension RENDER
[ 21511.401] (II) Initializing extension RANDR
[ 21511.401] (II) Initializing extension COMPOSITE
[ 21511.401] (II) Initializing extension DAMAGE
[ 21511.401] (II) Initializing extension MIT-SCREEN-SAVER
[ 21511.401] (II) Initializing extension DOUBLE-BUFFER
[ 21511.401] (II) Initializing extension RECORD
[ 21511.401] (II) Initializing extension DPMS
[ 21511.401] (II) Initializing extension Present
[ 21511.401] (II) Initializing extension DRI3
[ 21511.401] (II) Initializing extension X-Resource
[ 21511.402] (II) Initializing extension XVideo
[ 21511.402] (II) Initializing extension XVideo-MotionCompensation
[ 21511.402] (II) Initializing extension GLX
[ 21511.404] (II) AIGLX: Loaded and initialized nouveau
[ 21511.404] (II) GLX: Initialized DRI2 GL provider for screen 0
[ 21511.404] (II) Initializing extension XFree86-VidModeExtension
[ 21511.404] (II) Initializing extension XFree86-DGA
[ 21511.404] (II) Initializing extension XFree86-DRI
[ 21511.404] (II) Initializing extension DRI2
[ 21511.405] (II) modeset(0): Damage tracking initialized
[ 21511.405] (II) modeset(0): Setting screen physical size to 381 x 238
[ 21511.450] (II) config/udev: Adding input device Power Button (/dev/input/event2)
[ 21511.450] (**) Power Button: Applying InputClass "libinput keyboard catchall"
[ 21511.450] (II) LoadModule: "libinput"
[ 21511.450] (II) Loading /usr/lib/xorg/modules/input/libinput_drv.so
[ 21511.451] (II) Module libinput: vendor="X.Org Foundation"
[ 21511.451] 	compiled for 1.21.1.3, module version = 1.2.1
[ 21511.451] 	Module class: X.Org XInput Driver
[ 21511.451] 	ABI class: X.Org XInput driver, version 24.4
[ 21511.451] (II) Using input driver 'libinput' for 'Power Button'
[ 21511.451] (II) systemd-logind: got fd for /dev/input/event2 13:66 fd 25 paused 0
[ 21511.451] (**) Power Button: always reports core events
[ 21511.451] (**) Option "Device" "/dev/input/event2"
[ 21511.453] (II) event2  - Power Button: is tagged by udev as: Keyboard
[ 21511.453] (II) event2  - Power Button: device is a keyboard
[ 21511.453] (II) event2  - Power Button: device removed
[ 21511.453] (**) Option "config_info" "udev:/sys/devices/LNXSYSTM:00/LNXPWRBN:00/input/input2/event2"
[ 21511.453] (II) XINPUT: Adding extended input device "Power Button" (type: KEYBOARD, id 6)
[ 21511.453] (II) event2  - Power Button: is tagged by udev as: Keyboard
[ 21511.453] (II) event2  - Power Button: device is a keyboard
[ 21511.453] (II) config/udev: Adding input device Power Button (/dev/input/event1)
[ 21511.453] (**) Power Button: Applying InputClass "libinput keyboard catchall"
[ 21511.453] (II) Using input driver 'libinput' for 'Power Button'
[ 21511.454] (II) systemd-logind: got fd for /dev/input/event1 13:65 fd 28 paused 0
[ 21511.454] (**) Power Button: always reports core events
[ 21511.454] (**) Option "Device" "/dev/input/event1"
[ 21511.454] (II) event1  - Power Button: is tagged by udev as: Keyboard
[ 21511.454] (II) event1  - Power Button: device is a keyboard
[ 21511.454] (II) event1  - Power Button: device removed
[ 21511.454] (**) Option "config_info" "udev:/sys/devices/LNXSYSTM:00/LNXSYBUS:00/PNP0C0C:00/input/input1/event1"
[ 21511.454] (II) XINPUT: Adding extended input device "Power Button" (type: KEYBOARD, id 7)
[ 21511.455] (II) event1  - Power Button: is tagged by udev as: Keyboard
[ 21511.455] (II) event1  - Power Button: device is a keyboard
[ 21511.455] (II) config/udev: Adding input device Sleep Button (/dev/input/event0)
[ 21511.455] (**) Sleep Button: Applying InputClass "libinput keyboard catchall"
[ 21511.455] (II) Using input driver 'libinput' for 'Sleep Button'
[ 21511.456] (II) systemd-logind: got fd for /dev/input/event0 13:64 fd 29 paused 0
[ 21511.456] (**) Sleep Button: always reports core events
[ 21511.456] (**) Option "Device" "/dev/input/event0"
[ 21511.456] (II) event0  - Sleep Button: is tagged by udev as: Keyboard
[ 21511.456] (II) event0  - Sleep Button: device is a keyboard
[ 21511.456] (II) event0  - Sleep Button: device removed
[ 21511.456] (**) Option "config_info" "udev:/sys/devices/LNXSYSTM:00/LNXSYBUS:00/PNP0C0E:00/input/input0/event0"
[ 21511.456] (II) XINPUT: Adding extended input device "Sleep Button" (type: KEYBOARD, id 8)
[ 21511.457] (II) event0  - Sleep Button: is tagged by udev as: Keyboard
[ 21511.457] (II) event0  - Sleep Button: device is a keyboard
[ 21511.457] (II) config/udev: Adding input device HDA NVidia HDMI/DP,pcm=3 (/dev/input/event9)
[ 21511.457] (II) No input driver specified, ignoring this device.
[ 21511.457] (II) This device may have been added with another device file.
[ 21511.457] (II) config/udev: Adding input device HDA NVidia HDMI/DP,pcm=7 (/dev/input/event10)
[ 21511.457] (II) No input driver specified, ignoring this device.
[ 21511.457] (II) This device may have been added with another device file.
[ 21511.457] (II) config/udev: Adding input device HDA NVidia HDMI/DP,pcm=8 (/dev/input/event11)
[ 21511.457] (II) No input driver specified, ignoring this device.
[ 21511.457] (II) This device may have been added with another device file.
[ 21511.458] (II) config/udev: Adding input device HDA NVidia HDMI/DP,pcm=9 (/dev/input/event12)
[ 21511.458] (II) No input driver specified, ignoring this device.
[ 21511.458] (II) This device may have been added with another device file.
[ 21511.458] (II) config/udev: Adding input device Logitech USB Keyboard (/dev/input/event3)
[ 21511.458] (**) Logitech USB Keyboard: Applying InputClass "libinput keyboard catchall"
[ 21511.458] (II) Using input driver 'libinput' for 'Logitech USB Keyboard'
[ 21511.458] (II) systemd-logind: got fd for /dev/input/event3 13:67 fd 30 paused 0
[ 21511.458] (**) Logitech USB Keyboard: always reports core events
[ 21511.458] (**) Option "Device" "/dev/input/event3"
[ 21511.459] (II) event3  - Logitech USB Keyboard: is tagged by udev as: Keyboard
[ 21511.459] (II) event3  - Logitech USB Keyboard: device is a keyboard
[ 21511.459] (II) event3  - Logitech USB Keyboard: device removed
[ 21511.459] (**) Option "config_info" "udev:/sys/devices/pci0000:00/0000:00:14.0/usb1/1-3/1-3:1.0/0003:046D:C31C.0001/input/input3/event3"
[ 21511.459] (II) XINPUT: Adding extended input device "Logitech USB Keyboard" (type: KEYBOARD, id 9)
[ 21511.460] (II) event3  - Logitech USB Keyboard: is tagged by udev as: Keyboard
[ 21511.460] (II) event3  - Logitech USB Keyboard: device is a keyboard
[ 21511.461] (II) config/udev: Adding input device Logitech USB Keyboard (/dev/input/event4)
[ 21511.461] (**) Logitech USB Keyboard: Applying InputClass "libinput keyboard catchall"
[ 21511.461] (II) Using input driver 'libinput' for 'Logitech USB Keyboard'
[ 21511.461] (II) systemd-logind: got fd for /dev/input/event4 13:68 fd 31 paused 0
[ 21511.461] (**) Logitech USB Keyboard: always reports core events
[ 21511.461] (**) Option "Device" "/dev/input/event4"
[ 21511.462] (II) event4  - Logitech USB Keyboard: is tagged by udev as: Keyboard
[ 21511.462] (II) event4  - Logitech USB Keyboard: device is a keyboard
[ 21511.462] (II) event4  - Logitech USB Keyboard: device removed
[ 21511.462] (II) libinput: Logitech USB Keyboard: needs a virtual subdevice
[ 21511.462] (**) Option "config_info" "udev:/sys/devices/pci0000:00/0000:00:14.0/usb1/1-3/1-3:1.1/0003:046D:C31C.0002/input/input4/event4"
[ 21511.462] (II) XINPUT: Adding extended input device "Logitech USB Keyboard" (type: MOUSE, id 10)
[ 21511.462] (**) Option "AccelerationScheme" "none"
[ 21511.462] (**) Logitech USB Keyboard: (accel) selected scheme none/0
[ 21511.462] (**) Logitech USB Keyboard: (accel) acceleration factor: 2.000
[ 21511.462] (**) Logitech USB Keyboard: (accel) acceleration threshold: 4
[ 21511.463] (II) event4  - Logitech USB Keyboard: is tagged by udev as: Keyboard
[ 21511.463] (II) event4  - Logitech USB Keyboard: device is a keyboard
[ 21511.463] (II) config/udev: Adding input device USB OPTICAL MOUSE  (/dev/input/event5)
[ 21511.463] (**) USB OPTICAL MOUSE : Applying InputClass "libinput pointer catchall"
[ 21511.463] (II) Using input driver 'libinput' for 'USB OPTICAL MOUSE '
[ 21511.464] (II) systemd-logind: got fd for /dev/input/event5 13:69 fd 32 paused 0
[ 21511.464] (**) USB OPTICAL MOUSE : always reports core events
[ 21511.464] (**) Option "Device" "/dev/input/event5"
[ 21511.464] (II) event5  - USB OPTICAL MOUSE : is tagged by udev as: Mouse
[ 21511.464] (II) event5  - USB OPTICAL MOUSE : device is a pointer
[ 21511.465] (II) event5  - USB OPTICAL MOUSE : device removed
[ 21511.465] (**) Option "config_info" "udev:/sys/devices/pci0000:00/0000:00:14.0/usb1/1-4/1-4:1.0/0003:4E53:5407.0003/input/input5/event5"
[ 21511.465] (II) XINPUT: Adding extended input device "USB OPTICAL MOUSE " (type: MOUSE, id 11)
[ 21511.465] (**) Option "AccelerationScheme" "none"
[ 21511.465] (**) USB OPTICAL MOUSE : (accel) selected scheme none/0
[ 21511.465] (**) USB OPTICAL MOUSE : (accel) acceleration factor: 2.000
[ 21511.465] (**) USB OPTICAL MOUSE : (accel) acceleration threshold: 4
[ 21511.465] (II) event5  - USB OPTICAL MOUSE : is tagged by udev as: Mouse
[ 21511.465] (II) event5  - USB OPTICAL MOUSE : device is a pointer
[ 21511.466] (II) config/udev: Adding input device USB OPTICAL MOUSE  (/dev/input/mouse0)
[ 21511.466] (II) No input driver specified, ignoring this device.
[ 21511.466] (II) This device may have been added with another device file.
[ 21511.466] (II) config/udev: Adding input device USB OPTICAL MOUSE  Keyboard (/dev/input/event6)
[ 21511.466] (**) USB OPTICAL MOUSE  Keyboard: Applying InputClass "libinput keyboard catchall"
[ 21511.466] (II) Using input driver 'libinput' for 'USB OPTICAL MOUSE  Keyboard'
[ 21511.467] (II) systemd-logind: got fd for /dev/input/event6 13:70 fd 33 paused 0
[ 21511.467] (**) USB OPTICAL MOUSE  Keyboard: always reports core events
[ 21511.467] (**) Option "Device" "/dev/input/event6"
[ 21511.467] (II) event6  - USB OPTICAL MOUSE  Keyboard: is tagged by udev as: Keyboard
[ 21511.467] (II) event6  - USB OPTICAL MOUSE  Keyboard: device is a keyboard
[ 21511.468] (II) event6  - USB OPTICAL MOUSE  Keyboard: device removed
[ 21511.468] (II) libinput: USB OPTICAL MOUSE  Keyboard: needs a virtual subdevice
[ 21511.468] (**) Option "config_info" "udev:/sys/devices/pci0000:00/0000:00:14.0/usb1/1-4/1-4:1.1/0003:4E53:5407.0004/input/input6/event6"
[ 21511.468] (II) XINPUT: Adding extended input device "USB OPTICAL MOUSE  Keyboard" (type: MOUSE, id 12)
[ 21511.468] (**) Option "AccelerationScheme" "none"
[ 21511.468] (**) USB OPTICAL MOUSE  Keyboard: (accel) selected scheme none/0
[ 21511.468] (**) USB OPTICAL MOUSE  Keyboard: (accel) acceleration factor: 2.000
[ 21511.468] (**) USB OPTICAL MOUSE  Keyboard: (accel) acceleration threshold: 4
[ 21511.468] (II) event6  - USB OPTICAL MOUSE  Keyboard: is tagged by udev as: Keyboard
[ 21511.468] (II) event6  - USB OPTICAL MOUSE  Keyboard: device is a keyboard
[ 21511.469] (II) config/udev: Adding input device HDA Intel PCH Front Mic (/dev/input/event13)
[ 21511.469] (II) No input driver specified, ignoring this device.
[ 21511.469] (II) This device may have been added with another device file.
[ 21511.469] (II) config/udev: Adding input device HDA Intel PCH Rear Mic (/dev/input/event14)
[ 21511.469] (II) No input driver specified, ignoring this device.
[ 21511.469] (II) This device may have been added with another device file.
[ 21511.469] (II) config/udev: Adding input device HDA Intel PCH Line (/dev/input/event15)
[ 21511.469] (II) No input driver specified, ignoring this device.
[ 21511.469] (II) This device may have been added with another device file.
[ 21511.469] (II) config/udev: Adding input device HDA Intel PCH Line Out (/dev/input/event16)
[ 21511.469] (II) No input driver specified, ignoring this device.
[ 21511.469] (II) This device may have been added with another device file.
[ 21511.470] (II) config/udev: Adding input device HDA Intel PCH Front Headphone (/dev/input/event17)
[ 21511.470] (II) No input driver specified, ignoring this device.
[ 21511.470] (II) This device may have been added with another device file.
[ 21511.470] (II) config/udev: Adding input device Eee PC WMI hotkeys (/dev/input/event8)
[ 21511.470] (**) Eee PC WMI hotkeys: Applying InputClass "libinput keyboard catchall"
[ 21511.470] (II) Using input driver 'libinput' for 'Eee PC WMI hotkeys'
[ 21511.470] (II) systemd-logind: got fd for /dev/input/event8 13:72 fd 34 paused 0
[ 21511.470] (**) Eee PC WMI hotkeys: always reports core events
[ 21511.470] (**) Option "Device" "/dev/input/event8"
[ 21511.470] (II) event8  - Eee PC WMI hotkeys: is tagged by udev as: Keyboard
[ 21511.471] (II) event8  - Eee PC WMI hotkeys: device is a keyboard
[ 21511.471] (II) event8  - Eee PC WMI hotkeys: device removed
[ 21511.471] (**) Option "config_info" "udev:/sys/devices/platform/eeepc-wmi/input/input9/event8"
[ 21511.471] (II) XINPUT: Adding extended input device "Eee PC WMI hotkeys" (type: KEYBOARD, id 13)
[ 21511.471] (II) event8  - Eee PC WMI hotkeys: is tagged by udev as: Keyboard
[ 21511.471] (II) event8  - Eee PC WMI hotkeys: device is a keyboard
[ 21511.471] (II) config/udev: Adding input device PC Speaker (/dev/input/event7)
[ 21511.471] (II) No input driver specified, ignoring this device.
[ 21511.471] (II) This device may have been added with another device file.
[ 21511.475] (**) Logitech USB Keyboard: Applying InputClass "libinput keyboard catchall"
[ 21511.475] (II) Using input driver 'libinput' for 'Logitech USB Keyboard'
[ 21511.475] (II) systemd-logind: returning pre-existing fd for /dev/input/event4 13:68
[ 21511.475] (**) Logitech USB Keyboard: always reports core events
[ 21511.475] (**) Option "Device" "/dev/input/event4"
[ 21511.475] (II) libinput: Logitech USB Keyboard: is a virtual subdevice
[ 21511.475] (**) Option "config_info" "udev:/sys/devices/pci0000:00/0000:00:14.0/usb1/1-3/1-3:1.1/0003:046D:C31C.0002/input/input4/event4"
[ 21511.475] (II) XINPUT: Adding extended input device "Logitech USB Keyboard" (type: KEYBOARD, id 14)
[ 21511.475] (**) USB OPTICAL MOUSE  Keyboard: Applying InputClass "libinput keyboard catchall"
[ 21511.475] (II) Using input driver 'libinput' for 'USB OPTICAL MOUSE  Keyboard'
[ 21511.475] (II) systemd-logind: returning pre-existing fd for /dev/input/event6 13:70
[ 21511.475] (**) USB OPTICAL MOUSE  Keyboard: always reports core events
[ 21511.475] (**) Option "Device" "/dev/input/event6"
[ 21511.475] (II) libinput: USB OPTICAL MOUSE  Keyboard: is a virtual subdevice
[ 21511.475] (**) Option "config_info" "udev:/sys/devices/pci0000:00/0000:00:14.0/usb1/1-4/1-4:1.1/0003:4E53:5407.0004/input/input6/event6"
[ 21511.475] (II) XINPUT: Adding extended input device "USB OPTICAL MOUSE  Keyboard" (type: KEYBOARD, id 15)
[ 21511.551] (II) modeset(0): Disabling kernel dirty updates, not required.
[ 21540.556] (**) Option "fd" "25"
[ 21540.556] (II) event2  - Power Button: device removed
[ 21540.556] (**) Option "fd" "28"
[ 21540.556] (II) event1  - Power Button: device removed
[ 21540.556] (**) Option "fd" "29"
[ 21540.556] (II) event0  - Sleep Button: device removed
[ 21540.556] (**) Option "fd" "30"
[ 21540.556] (II) event3  - Logitech USB Keyboard: device removed
[ 21540.556] (**) Option "fd" "31"
[ 21540.556] (**) Option "fd" "32"
[ 21540.556] (II) event5  - USB OPTICAL MOUSE : device removed
[ 21540.556] (**) Option "fd" "33"
[ 21540.556] (**) Option "fd" "34"
[ 21540.556] (II) event8  - Eee PC WMI hotkeys: device removed
[ 21540.556] (**) Option "fd" "31"
[ 21540.556] (II) event4  - Logitech USB Keyboard: device removed
[ 21540.556] (**) Option "fd" "33"
[ 21540.556] (II) event6  - USB OPTICAL MOUSE  Keyboard: device removed
[ 21540.556] (II) AIGLX: Suspending AIGLX clients for VT switch
[ 21540.557] (II) systemd-logind: got pause for 13:66
[ 21540.557] (II) systemd-logind: got pause for 13:67
[ 21540.557] (II) systemd-logind: got pause for 13:68
[ 21540.557] (II) systemd-logind: got pause for 13:69
[ 21540.557] (II) systemd-logind: got pause for 13:65
[ 21540.557] (II) systemd-logind: got pause for 13:64
[ 21540.557] (II) systemd-logind: got pause for 13:70
[ 21540.557] (II) systemd-logind: got pause for 13:72
[ 21545.612] (II) systemd-logind: got resume for 13:66
[ 21545.628] (II) systemd-logind: got resume for 13:67
[ 21545.645] (II) systemd-logind: got resume for 13:68
[ 21545.662] (II) systemd-logind: got resume for 13:69
[ 21545.695] (II) systemd-logind: got resume for 13:65
[ 21545.722] (II) systemd-logind: got resume for 13:64
[ 21545.738] (II) systemd-logind: got resume for 13:70
[ 21545.772] (II) systemd-logind: got resume for 13:72
[ 21545.772] (II) systemd-logind: got resume for 226:0
[ 21545.772] (II) AIGLX: Resuming AIGLX clients after VT switch
[ 21545.954] (II) modeset(0): EDID vendor "SGT", prod id 6400
[ 21545.954] (II) modeset(0): Printing DDC gathered Modelines:
[ 21545.954] (II) modeset(0): Modeline "1440x900"x0.0  106.50  1440 1520 1672 1904  900 903 909 934 -hsync +vsync (55.9 kHz eP)
[ 21545.954] (II) modeset(0): Modeline "1280x768"x0.0   79.50  1280 1344 1472 1664  768 771 778 798 +hsync +vsync (47.8 kHz e)
[ 21545.954] (II) modeset(0): Modeline "1366x768"x0.0   85.50  1366 1436 1579 1792  768 771 774 798 +hsync +vsync (47.7 kHz e)
[ 21545.954] (II) modeset(0): Modeline "800x600"x0.0   40.00  800 840 968 1056  600 601 605 628 +hsync +vsync (37.9 kHz e)
[ 21545.954] (II) modeset(0): Modeline "640x480"x0.0   25.18  640 656 752 800  480 490 492 525 -hsync -vsync (31.5 kHz e)
[ 21545.954] (II) modeset(0): Modeline "1024x768"x0.0   65.00  1024 1048 1184 1344  768 771 777 806 -hsync -vsync (48.4 kHz e)
[ 21545.954] (II) modeset(0): Modeline "1280x800"x0.0   71.00  1280 1328 1360 1440  800 803 809 823 +hsync -vsync (49.3 kHz e)
[ 21545.954] (II) modeset(0): Modeline "1280x960"x0.0  108.00  1280 1376 1488 1800  960 961 964 1000 +hsync +vsync (60.0 kHz e)
[ 21545.954] (II) modeset(0): Modeline "1400x1050"x0.0  101.00  1400 1448 1480 1560  1050 1053 1057 1080 +hsync -vsync (64.7 kHz e)
[ 21545.954] (II) modeset(0): Modeline "1280x1024"x0.0  108.00  1280 1328 1440 1688  1024 1025 1028 1066 +hsync +vsync (64.0 kHz e)
[ 21545.954] (II) modeset(0): Modeline "1280x720"x60.0   74.48  1280 1336 1472 1664  720 721 724 746 -hsync +vsync (44.8 kHz e)
[ 21546.115] (II) modeset(0): EDID vendor "SGT", prod id 6400
[ 21546.115] (II) modeset(0): Printing DDC gathered Modelines:
[ 21546.115] (II) modeset(0): Modeline "1440x900"x0.0  106.50  1440 1520 1672 1904  900 903 909 934 -hsync +vsync (55.9 kHz eP)
[ 21546.115] (II) modeset(0): Modeline "1280x768"x0.0   79.50  1280 1344 1472 1664  768 771 778 798 +hsync +vsync (47.8 kHz e)
[ 21546.115] (II) modeset(0): Modeline "1366x768"x0.0   85.50  1366 1436 1579 1792  768 771 774 798 +hsync +vsync (47.7 kHz e)
[ 21546.115] (II) modeset(0): Modeline "800x600"x0.0   40.00  800 840 968 1056  600 601 605 628 +hsync +vsync (37.9 kHz e)
[ 21546.115] (II) modeset(0): Modeline "640x480"x0.0   25.18  640 656 752 800  480 490 492 525 -hsync -vsync (31.5 kHz e)
[ 21546.115] (II) modeset(0): Modeline "1024x768"x0.0   65.00  1024 1048 1184 1344  768 771 777 806 -hsync -vsync (48.4 kHz e)
[ 21546.115] (II) modeset(0): Modeline "1280x800"x0.0   71.00  1280 1328 1360 1440  800 803 809 823 +hsync -vsync (49.3 kHz e)
[ 21546.115] (II) modeset(0): Modeline "1280x960"x0.0  108.00  1280 1376 1488 1800  960 961 964 1000 +hsync +vsync (60.0 kHz e)
[ 21546.115] (II) modeset(0): Modeline "1400x1050"x0.0  101.00  1400 1448 1480 1560  1050 1053 1057 1080 +hsync -vsync (64.7 kHz e)
[ 21546.115] (II) modeset(0): Modeline "1280x1024"x0.0  108.00  1280 1328 1440 1688  1024 1025 1028 1066 +hsync +vsync (64.0 kHz e)
[ 21546.115] (II) modeset(0): Modeline "1280x720"x60.0   74.48  1280 1336 1472 1664  720 721 724 746 -hsync +vsync (44.8 kHz e)
[ 21546.167] (II) event2  - Power Button: is tagged by udev as: Keyboard
[ 21546.167] (II) event2  - Power Button: device is a keyboard
[ 21546.168] (II) event1  - Power Button: is tagged by udev as: Keyboard
[ 21546.168] (II) event1  - Power Button: device is a keyboard
[ 21546.168] (II) event0  - Sleep Button: is tagged by udev as: Keyboard
[ 21546.168] (II) event0  - Sleep Button: device is a keyboard
[ 21546.169] (II) event3  - Logitech USB Keyboard: is tagged by udev as: Keyboard
[ 21546.169] (II) event3  - Logitech USB Keyboard: device is a keyboard
[ 21546.170] (II) event4  - Logitech USB Keyboard: is tagged by udev as: Keyboard
[ 21546.170] (II) event4  - Logitech USB Keyboard: device is a keyboard
[ 21546.171] (II) event5  - USB OPTICAL MOUSE : is tagged by udev as: Mouse
[ 21546.171] (II) event5  - USB OPTICAL MOUSE : device is a pointer
[ 21546.172] (II) event6  - USB OPTICAL MOUSE  Keyboard: is tagged by udev as: Keyboard
[ 21546.172] (II) event6  - USB OPTICAL MOUSE  Keyboard: device is a keyboard
[ 21546.172] (II) event8  - Eee PC WMI hotkeys: is tagged by udev as: Keyboard
[ 21546.172] (II) event8  - Eee PC WMI hotkeys: device is a keyboard
[ 21624.951] (**) Option "fd" "28"
[ 21624.951] (II) event2  - Power Button: device removed
[ 21624.951] (**) Option "fd" "32"
[ 21624.951] (II) event1  - Power Button: device removed
[ 21624.951] (**) Option "fd" "33"
[ 21624.951] (II) event0  - Sleep Button: device removed
[ 21624.951] (**) Option "fd" "29"
[ 21624.951] (II) event3  - Logitech USB Keyboard: device removed
[ 21624.951] (**) Option "fd" "30"
[ 21624.951] (**) Option "fd" "31"
[ 21624.951] (II) event5  - USB OPTICAL MOUSE : device removed
[ 21624.951] (**) Option "fd" "34"
[ 21624.951] (**) Option "fd" "48"
[ 21624.951] (II) event8  - Eee PC WMI hotkeys: device removed
[ 21624.951] (**) Option "fd" "30"
[ 21624.951] (II) event4  - Logitech USB Keyboard: device removed
[ 21624.951] (**) Option "fd" "34"
[ 21624.951] (II) event6  - USB OPTICAL MOUSE  Keyboard: device removed
[ 21624.952] (II) UnloadModule: "libinput"
[ 21624.952] (II) systemd-logind: not releasing fd for 13:70, still in use
[ 21624.952] (II) UnloadModule: "libinput"
[ 21624.952] (II) systemd-logind: not releasing fd for 13:68, still in use
[ 21624.952] (II) UnloadModule: "libinput"
[ 21624.952] (II) systemd-logind: releasing fd for 13:72
[ 21625.045] (II) UnloadModule: "libinput"
[ 21625.045] (II) systemd-logind: releasing fd for 13:70
[ 21625.128] (II) UnloadModule: "libinput"
[ 21625.128] (II) systemd-logind: releasing fd for 13:69
[ 21625.168] (II) UnloadModule: "libinput"
[ 21625.168] (II) systemd-logind: releasing fd for 13:68
[ 21625.195] (II) UnloadModule: "libinput"
[ 21625.195] (II) systemd-logind: releasing fd for 13:67
[ 21625.248] (II) UnloadModule: "libinput"
[ 21625.248] (II) systemd-logind: releasing fd for 13:64
[ 21625.278] (II) UnloadModule: "libinput"
[ 21625.278] (II) systemd-logind: releasing fd for 13:65
[ 21625.309] (II) UnloadModule: "libinput"
[ 21625.309] (II) systemd-logind: releasing fd for 13:66
[ 21625.374] (II) Server terminated successfully (0). Closing log file.
